[Tue, 19 Jan 2016 00:44:13 GMT] ip=::1 mtd=GET url=/ http=1.1 rfr="-" st=200 cl=19291 - time=35.055 ms
[Tue, 19 Jan 2016 00:44:13 GMT] ip=::1 mtd=GET url=/stylesheets/reset.css http=1.1 rfr="http://localhost:54321/" st=304 cl=- - time=5.884 ms
[Tue, 19 Jan 2016 00:44:13 GMT] ip=::1 mtd=GET url=/script/libs/jQRangeSlider-5.7.1/css/classic.css http=1.1 rfr="http://localhost:54321/" st=304 cl=- - time=5.149 ms
[Tue, 19 Jan 2016 00:44:13 GMT] ip=::1 mtd=GET url=/stylesheets/bootstrap/bootstrap.min.css http=1.1 rfr="http://localhost:54321/" st=304 cl=- - time=4.892 ms
[Tue, 19 Jan 2016 00:44:13 GMT] ip=::1 mtd=GET url=/stylesheets/custom/custom-main.css http=1.1 rfr="http://localhost:54321/" st=304 cl=- - time=4.884 ms
[Tue, 19 Jan 2016 00:44:13 GMT] ip=::1 mtd=GET url=/stylesheets/custom/custom-responsive.css http=1.1 rfr="http://localhost:54321/" st=304 cl=- - time=4.670 ms
[Tue, 19 Jan 2016 00:44:13 GMT] ip=::1 mtd=GET url=/stylesheets/plugins/fonts.css http=1.1 rfr="http://localhost:54321/" st=304 cl=- - time=4.501 ms
[Tue, 19 Jan 2016 00:44:13 GMT] ip=::1 mtd=GET url=/stylesheets/plugins/font-awesome.min.css http=1.1 rfr="http://localhost:54321/" st=304 cl=- - time=1.087 ms
[Tue, 19 Jan 2016 00:44:13 GMT] ip=::1 mtd=GET url=/stylesheets/plugins/animate.css http=1.1 rfr="http://localhost:54321/" st=304 cl=- - time=1.900 ms
[Tue, 19 Jan 2016 00:44:13 GMT] ip=::1 mtd=GET url=/script/libs/jQRangeSlider-5.7.1/lib/jquery.mousewheel.min.js http=1.1 rfr="http://localhost:54321/" st=304 cl=- - time=2.285 ms
[Tue, 19 Jan 2016 00:44:13 GMT] ip=::1 mtd=GET url=/script/libs/jQRangeSlider-5.7.1/jQDateRangeSlider-withRuler-min.js http=1.1 rfr="http://localhost:54321/" st=304 cl=- - time=2.289 ms
[Tue, 19 Jan 2016 00:44:13 GMT] ip=::1 mtd=GET url=/script/libs/queryloader2.min.js http=1.1 rfr="http://localhost:54321/" st=304 cl=- - time=2.300 ms
[Tue, 19 Jan 2016 00:44:13 GMT] ip=::1 mtd=GET url=/script/libs/modernizr.js http=1.1 rfr="http://localhost:54321/" st=304 cl=- - time=1.871 ms
[Tue, 19 Jan 2016 00:44:13 GMT] ip=::1 mtd=GET url=/script/plugins/plugins.js http=1.1 rfr="http://localhost:54321/" st=304 cl=- - time=1.274 ms
[Tue, 19 Jan 2016 00:44:13 GMT] ip=::1 mtd=GET url=/script/app/main.js http=1.1 rfr="http://localhost:54321/" st=304 cl=- - time=1.099 ms
[Tue, 19 Jan 2016 00:44:13 GMT] ip=::1 mtd=GET url=/script/app/tellMe.js http=1.1 rfr="http://localhost:54321/" st=304 cl=- - time=0.685 ms
[Tue, 19 Jan 2016 00:44:13 GMT] ip=::1 mtd=GET url=/images/logo/exp-logo.svg http=1.1 rfr="http://localhost:54321/" st=304 cl=- - time=0.667 ms
[Tue, 19 Jan 2016 00:44:13 GMT] ip=::1 mtd=GET url=/images/portfolio/nyc.jpg http=1.1 rfr="http://localhost:54321/" st=304 cl=- - time=0.654 ms
[Tue, 19 Jan 2016 00:44:13 GMT] ip=::1 mtd=GET url=/images/portfolio/maui.jpg http=1.1 rfr="http://localhost:54321/" st=304 cl=- - time=0.613 ms
[Tue, 19 Jan 2016 00:44:13 GMT] ip=::1 mtd=GET url=/images/portfolio/miami.jpg http=1.1 rfr="http://localhost:54321/" st=304 cl=- - time=1.124 ms
[Tue, 19 Jan 2016 00:44:13 GMT] ip=::1 mtd=GET url=/images/portfolio/chicago.jpg http=1.1 rfr="http://localhost:54321/" st=304 cl=- - time=1.933 ms
[Tue, 19 Jan 2016 00:44:13 GMT] ip=::1 mtd=GET url=/images/portfolio/dc.jpg http=1.1 rfr="http://localhost:54321/" st=304 cl=- - time=1.637 ms
[Tue, 19 Jan 2016 00:44:13 GMT] ip=::1 mtd=GET url=/images/portfolio/disney.jpg http=1.1 rfr="http://localhost:54321/" st=304 cl=- - time=1.832 ms
[Tue, 19 Jan 2016 00:44:13 GMT] ip=::1 mtd=GET url=/images/portfolio/las-vegas.jpg http=1.1 rfr="http://localhost:54321/" st=304 cl=- - time=1.716 ms
[Tue, 19 Jan 2016 00:44:13 GMT] ip=::1 mtd=GET url=/images/portfolio/hollywood.jpg http=1.1 rfr="http://localhost:54321/" st=304 cl=- - time=1.698 ms
[Tue, 19 Jan 2016 00:44:13 GMT] ip=::1 mtd=GET url=/images/portfolio/sandy.jpg http=1.1 rfr="http://localhost:54321/" st=304 cl=- - time=0.336 ms
[Tue, 19 Jan 2016 00:44:13 GMT] ip=::1 mtd=GET url=/images/portfolio/mardi.jpg http=1.1 rfr="http://localhost:54321/" st=304 cl=- - time=0.708 ms
[Tue, 19 Jan 2016 00:44:13 GMT] ip=::1 mtd=GET url=/images/portfolio/sf.jpg http=1.1 rfr="http://localhost:54321/" st=304 cl=- - time=0.714 ms
[Tue, 19 Jan 2016 00:44:13 GMT] ip=::1 mtd=GET url=/images/portfolio/seattle.jpg http=1.1 rfr="http://localhost:54321/" st=304 cl=- - time=0.715 ms
[Tue, 19 Jan 2016 00:44:13 GMT] ip=::1 mtd=GET url=/images/portfolio/boston.jpg http=1.1 rfr="http://localhost:54321/" st=304 cl=- - time=0.684 ms
[Tue, 19 Jan 2016 00:44:13 GMT] ip=::1 mtd=GET url=/images/portfolio/oc.jpg http=1.1 rfr="http://localhost:54321/" st=304 cl=- - time=0.532 ms
[Tue, 19 Jan 2016 00:44:13 GMT] ip=::1 mtd=GET url=/images/portfolio/bbq.jpg http=1.1 rfr="http://localhost:54321/" st=304 cl=- - time=0.467 ms
[Tue, 19 Jan 2016 00:44:13 GMT] ip=::1 mtd=GET url=/images/portfolio/florida_keys.jpg http=1.1 rfr="http://localhost:54321/" st=304 cl=- - time=0.515 ms
[Tue, 19 Jan 2016 00:44:13 GMT] ip=::1 mtd=GET url=/fonts/opensans-regular-webfont.woff http=1.1 rfr="http://localhost:54321/" st=304 cl=- - time=0.539 ms
[Tue, 19 Jan 2016 00:44:13 GMT] ip=::1 mtd=GET url=/fonts/lato-bol-webfont.woff http=1.1 rfr="http://localhost:54321/" st=304 cl=- - time=2.333 ms
[Tue, 19 Jan 2016 00:44:13 GMT] ip=::1 mtd=GET url=/fonts/lato-lig-webfont.woff http=1.1 rfr="http://localhost:54321/" st=304 cl=- - time=1.464 ms
[Tue, 19 Jan 2016 00:44:13 GMT] ip=::1 mtd=GET url=/images/generic/tick_on.png http=1.1 rfr="http://localhost:54321/stylesheets/custom/custom-main.css" st=304 cl=- - time=1.403 ms
[Tue, 19 Jan 2016 00:44:13 GMT] ip=::1 mtd=GET url=/script/app/main.js http=1.1 rfr="http://localhost:54321/" st=304 cl=- - time=1.443 ms
[Tue, 19 Jan 2016 00:44:13 GMT] ip=::1 mtd=GET url=/script/app/tellMe.js http=1.1 rfr="http://localhost:54321/" st=304 cl=- - time=0.677 ms
[Tue, 19 Jan 2016 00:48:42 GMT] ip=::1 mtd=GET url=/ http=1.1 rfr="-" st=200 cl=19291 - time=36.373 ms
[Tue, 19 Jan 2016 00:48:42 GMT] ip=::1 mtd=GET url=/stylesheets/reset.css http=1.1 rfr="http://localhost:18922/" st=200 cl=1134 - time=8.471 ms
[Tue, 19 Jan 2016 00:48:42 GMT] ip=::1 mtd=GET url=/script/libs/jQRangeSlider-5.7.1/css/classic.css http=1.1 rfr="http://localhost:18922/" st=200 cl=1763 - time=7.982 ms
[Tue, 19 Jan 2016 00:48:42 GMT] ip=::1 mtd=GET url=/stylesheets/custom/custom-main.css http=1.1 rfr="http://localhost:18922/" st=200 cl=16104 - time=7.642 ms
[Tue, 19 Jan 2016 00:48:42 GMT] ip=::1 mtd=GET url=/stylesheets/custom/custom-responsive.css http=1.1 rfr="http://localhost:18922/" st=200 cl=3538 - time=7.550 ms
[Tue, 19 Jan 2016 00:48:42 GMT] ip=::1 mtd=GET url=/stylesheets/plugins/fonts.css http=1.1 rfr="http://localhost:18922/" st=200 cl=11731 - time=7.375 ms
[Tue, 19 Jan 2016 00:48:42 GMT] ip=::1 mtd=GET url=/stylesheets/bootstrap/bootstrap.min.css http=1.1 rfr="http://localhost:18922/" st=200 cl=121260 - time=8.104 ms
[Tue, 19 Jan 2016 00:48:42 GMT] ip=::1 mtd=GET url=/stylesheets/plugins/font-awesome.min.css http=1.1 rfr="http://localhost:18922/" st=200 cl=21984 - time=1.013 ms
[Tue, 19 Jan 2016 00:48:42 GMT] ip=::1 mtd=GET url=/stylesheets/plugins/animate.css http=1.1 rfr="http://localhost:18922/" st=200 cl=68760 - time=1.917 ms
[Tue, 19 Jan 2016 00:48:42 GMT] ip=::1 mtd=GET url=/script/libs/jQRangeSlider-5.7.1/lib/jquery.mousewheel.min.js http=1.1 rfr="http://localhost:18922/" st=200 cl=1392 - time=5.137 ms
[Tue, 19 Jan 2016 00:48:42 GMT] ip=::1 mtd=GET url=/script/libs/jQRangeSlider-5.7.1/jQDateRangeSlider-withRuler-min.js http=1.1 rfr="http://localhost:18922/" st=200 cl=48126 - time=4.955 ms
[Tue, 19 Jan 2016 00:48:42 GMT] ip=::1 mtd=GET url=/script/libs/queryloader2.min.js http=1.1 rfr="http://localhost:18922/" st=200 cl=11563 - time=4.868 ms
[Tue, 19 Jan 2016 00:48:42 GMT] ip=::1 mtd=GET url=/script/libs/modernizr.js http=1.1 rfr="http://localhost:18922/" st=200 cl=9946 - time=4.368 ms
[Tue, 19 Jan 2016 00:48:42 GMT] ip=::1 mtd=GET url=/script/app/main.js http=1.1 rfr="http://localhost:18922/" st=200 cl=26282 - time=4.677 ms
[Tue, 19 Jan 2016 00:48:42 GMT] ip=::1 mtd=GET url=/script/plugins/plugins.js http=1.1 rfr="http://localhost:18922/" st=200 cl=163129 - time=6.078 ms
[Tue, 19 Jan 2016 00:48:42 GMT] ip=::1 mtd=GET url=/script/app/tellMe.js http=1.1 rfr="http://localhost:18922/" st=200 cl=881 - time=3.002 ms
[Tue, 19 Jan 2016 00:48:42 GMT] ip=::1 mtd=GET url=/images/logo/exp-logo.svg http=1.1 rfr="http://localhost:18922/" st=200 cl=6288 - time=2.014 ms
[Tue, 19 Jan 2016 00:48:42 GMT] ip=::1 mtd=GET url=/images/portfolio/dc.jpg http=1.1 rfr="http://localhost:18922/" st=200 cl=98480 - time=3.349 ms
[Tue, 19 Jan 2016 00:48:42 GMT] ip=::1 mtd=GET url=/images/portfolio/disney.jpg http=1.1 rfr="http://localhost:18922/" st=200 cl=320686 - time=19.348 ms
[Tue, 19 Jan 2016 00:48:42 GMT] ip=::1 mtd=GET url=/images/portfolio/nyc.jpg http=1.1 rfr="http://localhost:18922/" st=200 cl=638176 - time=23.153 ms
[Tue, 19 Jan 2016 00:48:42 GMT] ip=::1 mtd=GET url=/images/portfolio/las-vegas.jpg http=1.1 rfr="http://localhost:18922/" st=200 cl=224171 - time=4.026 ms
[Tue, 19 Jan 2016 00:48:42 GMT] ip=::1 mtd=GET url=/images/portfolio/chicago.jpg http=1.1 rfr="http://localhost:18922/" st=200 cl=857198 - time=25.032 ms
[Tue, 19 Jan 2016 00:48:42 GMT] ip=::1 mtd=GET url=/images/portfolio/hollywood.jpg http=1.1 rfr="http://localhost:18922/" st=200 cl=366792 - time=4.861 ms
[Tue, 19 Jan 2016 00:48:42 GMT] ip=::1 mtd=GET url=/images/portfolio/maui.jpg http=1.1 rfr="http://localhost:18922/" st=200 cl=927165 - time=25.964 ms
[Tue, 19 Jan 2016 00:48:42 GMT] ip=::1 mtd=GET url=/images/portfolio/miami.jpg http=1.1 rfr="http://localhost:18922/" st=200 cl=1009315 - time=26.731 ms
[Tue, 19 Jan 2016 00:48:42 GMT] ip=::1 mtd=GET url=/images/portfolio/sandy.jpg http=1.1 rfr="http://localhost:18922/" st=200 cl=603424 - time=7.765 ms
[Tue, 19 Jan 2016 00:48:42 GMT] ip=::1 mtd=GET url=/images/portfolio/mardi.jpg http=1.1 rfr="http://localhost:18922/" st=200 cl=408831 - time=6.266 ms
[Tue, 19 Jan 2016 00:48:42 GMT] ip=::1 mtd=GET url=/images/portfolio/sf.jpg http=1.1 rfr="http://localhost:18922/" st=200 cl=1121808 - time=4.064 ms
[Tue, 19 Jan 2016 00:48:42 GMT] ip=::1 mtd=GET url=/fonts/opensans-regular-webfont.woff http=1.1 rfr="http://localhost:18922/stylesheets/plugins/fonts.css" st=200 cl=24736 - time=0.977 ms
[Tue, 19 Jan 2016 00:48:42 GMT] ip=::1 mtd=GET url=/images/portfolio/boston.jpg http=1.1 rfr="http://localhost:18922/" st=200 cl=177272 - time=2.077 ms
[Tue, 19 Jan 2016 00:48:42 GMT] ip=::1 mtd=GET url=/images/portfolio/oc.jpg http=1.1 rfr="http://localhost:18922/" st=200 cl=66958 - time=1.478 ms
[Tue, 19 Jan 2016 00:48:42 GMT] ip=::1 mtd=GET url=/fonts/lato-bol-webfont.woff http=1.1 rfr="http://localhost:18922/stylesheets/plugins/fonts.css" st=200 cl=32392 - time=1.785 ms
[Tue, 19 Jan 2016 00:48:42 GMT] ip=::1 mtd=GET url=/images/portfolio/bbq.jpg http=1.1 rfr="http://localhost:18922/" st=200 cl=397433 - time=5.704 ms
[Tue, 19 Jan 2016 00:48:42 GMT] ip=::1 mtd=GET url=/fonts/lato-lig-webfont.woff http=1.1 rfr="http://localhost:18922/stylesheets/plugins/fonts.css" st=200 cl=31020 - time=2.111 ms
[Tue, 19 Jan 2016 00:48:42 GMT] ip=::1 mtd=GET url=/images/portfolio/seattle.jpg http=1.1 rfr="http://localhost:18922/" st=200 cl=814226 - time=19.513 ms
[Tue, 19 Jan 2016 00:48:42 GMT] ip=::1 mtd=GET url=/images/generic/tick_on.png http=1.1 rfr="http://localhost:18922/stylesheets/custom/custom-main.css" st=200 cl=684 - time=1.847 ms
[Tue, 19 Jan 2016 00:48:42 GMT] ip=::1 mtd=GET url=/images/portfolio/florida_keys.jpg http=1.1 rfr="http://localhost:18922/" st=200 cl=419006 - time=3.645 ms
[Tue, 19 Jan 2016 00:51:37 GMT] ip=::1 mtd=GET url=/ http=1.1 rfr="-" st=200 cl=19291 - time=39.607 ms
[Tue, 19 Jan 2016 00:51:38 GMT] ip=::1 mtd=GET url=/stylesheets/reset.css http=1.1 rfr="http://localhost:34463/" st=200 cl=1134 - time=8.978 ms
[Tue, 19 Jan 2016 00:51:38 GMT] ip=::1 mtd=GET url=/stylesheets/plugins/font-awesome.min.css http=1.1 rfr="http://localhost:34463/" st=200 cl=21984 - time=1.677 ms
[Tue, 19 Jan 2016 00:51:38 GMT] ip=::1 mtd=GET url=/script/libs/jQRangeSlider-5.7.1/css/classic.css http=1.1 rfr="http://localhost:34463/" st=200 cl=1763 - time=3.618 ms
[Tue, 19 Jan 2016 00:51:38 GMT] ip=::1 mtd=GET url=/stylesheets/custom/custom-main.css http=1.1 rfr="http://localhost:34463/" st=200 cl=16104 - time=3.368 ms
[Tue, 19 Jan 2016 00:51:38 GMT] ip=::1 mtd=GET url=/stylesheets/custom/custom-responsive.css http=1.1 rfr="http://localhost:34463/" st=200 cl=3538 - time=3.316 ms
[Tue, 19 Jan 2016 00:51:38 GMT] ip=::1 mtd=GET url=/stylesheets/plugins/fonts.css http=1.1 rfr="http://localhost:34463/" st=200 cl=11731 - time=4.223 ms
[Tue, 19 Jan 2016 00:51:38 GMT] ip=::1 mtd=GET url=/stylesheets/plugins/animate.css http=1.1 rfr="http://localhost:34463/" st=200 cl=68760 - time=5.540 ms
[Tue, 19 Jan 2016 00:51:38 GMT] ip=::1 mtd=GET url=/stylesheets/bootstrap/bootstrap.min.css http=1.1 rfr="http://localhost:34463/" st=200 cl=121260 - time=5.341 ms
[Tue, 19 Jan 2016 00:51:38 GMT] ip=::1 mtd=GET url=/script/libs/jQRangeSlider-5.7.1/lib/jquery.mousewheel.min.js http=1.1 rfr="http://localhost:34463/" st=200 cl=1392 - time=4.790 ms
[Tue, 19 Jan 2016 00:51:38 GMT] ip=::1 mtd=GET url=/script/libs/jQRangeSlider-5.7.1/jQDateRangeSlider-withRuler-min.js http=1.1 rfr="http://localhost:34463/" st=200 cl=48126 - time=4.711 ms
[Tue, 19 Jan 2016 00:51:38 GMT] ip=::1 mtd=GET url=/script/libs/queryloader2.min.js http=1.1 rfr="http://localhost:34463/" st=200 cl=11563 - time=4.774 ms
[Tue, 19 Jan 2016 00:51:38 GMT] ip=::1 mtd=GET url=/script/libs/modernizr.js http=1.1 rfr="http://localhost:34463/" st=200 cl=9946 - time=4.635 ms
[Tue, 19 Jan 2016 00:51:38 GMT] ip=::1 mtd=GET url=/script/app/main.js http=1.1 rfr="http://localhost:34463/" st=200 cl=26282 - time=3.868 ms
[Tue, 19 Jan 2016 00:51:38 GMT] ip=::1 mtd=GET url=/script/plugins/plugins.js http=1.1 rfr="http://localhost:34463/" st=200 cl=163129 - time=5.708 ms
[Tue, 19 Jan 2016 00:51:38 GMT] ip=::1 mtd=GET url=/script/app/tellMe.js http=1.1 rfr="http://localhost:34463/" st=200 cl=881 - time=3.181 ms
[Tue, 19 Jan 2016 00:51:38 GMT] ip=::1 mtd=GET url=/images/logo/exp-logo.svg http=1.1 rfr="http://localhost:34463/" st=200 cl=6288 - time=5.257 ms
[Tue, 19 Jan 2016 00:51:38 GMT] ip=::1 mtd=GET url=/images/portfolio/dc.jpg http=1.1 rfr="http://localhost:34463/" st=200 cl=98480 - time=5.971 ms
[Tue, 19 Jan 2016 00:51:38 GMT] ip=::1 mtd=GET url=/images/portfolio/disney.jpg http=1.1 rfr="http://localhost:34463/" st=200 cl=320686 - time=6.657 ms
[Tue, 19 Jan 2016 00:51:38 GMT] ip=::1 mtd=GET url=/images/portfolio/nyc.jpg http=1.1 rfr="http://localhost:34463/" st=200 cl=638176 - time=12.125 ms
[Tue, 19 Jan 2016 00:51:38 GMT] ip=::1 mtd=GET url=/images/portfolio/las-vegas.jpg http=1.1 rfr="http://localhost:34463/" st=200 cl=224171 - time=5.728 ms
[Tue, 19 Jan 2016 00:51:38 GMT] ip=::1 mtd=GET url=/images/portfolio/maui.jpg http=1.1 rfr="http://localhost:34463/" st=200 cl=927165 - time=17.392 ms
[Tue, 19 Jan 2016 00:51:38 GMT] ip=::1 mtd=GET url=/images/portfolio/chicago.jpg http=1.1 rfr="http://localhost:34463/" st=200 cl=857198 - time=19.908 ms
[Tue, 19 Jan 2016 00:51:38 GMT] ip=::1 mtd=GET url=/images/portfolio/miami.jpg http=1.1 rfr="http://localhost:34463/" st=200 cl=1009315 - time=24.153 ms
[Tue, 19 Jan 2016 00:51:38 GMT] ip=::1 mtd=GET url=/images/portfolio/hollywood.jpg http=1.1 rfr="http://localhost:34463/" st=200 cl=366792 - time=17.300 ms
[Tue, 19 Jan 2016 00:51:38 GMT] ip=::1 mtd=GET url=/images/portfolio/mardi.jpg http=1.1 rfr="http://localhost:34463/" st=200 cl=408831 - time=16.871 ms
[Tue, 19 Jan 2016 00:51:38 GMT] ip=::1 mtd=GET url=/images/portfolio/sandy.jpg http=1.1 rfr="http://localhost:34463/" st=200 cl=603424 - time=20.409 ms
[Tue, 19 Jan 2016 00:51:38 GMT] ip=::1 mtd=GET url=/images/portfolio/boston.jpg http=1.1 rfr="http://localhost:34463/" st=200 cl=177272 - time=8.278 ms
[Tue, 19 Jan 2016 00:51:38 GMT] ip=::1 mtd=GET url=/images/portfolio/oc.jpg http=1.1 rfr="http://localhost:34463/" st=200 cl=66958 - time=7.618 ms
[Tue, 19 Jan 2016 00:51:38 GMT] ip=::1 mtd=GET url=/images/generic/tick_on.png http=1.1 rfr="http://localhost:34463/" st=200 cl=684 - time=2.733 ms
[Tue, 19 Jan 2016 00:51:38 GMT] ip=::1 mtd=GET url=/images/portfolio/bbq.jpg http=1.1 rfr="http://localhost:34463/" st=200 cl=397433 - time=10.583 ms
[Tue, 19 Jan 2016 00:51:38 GMT] ip=::1 mtd=GET url=/images/portfolio/seattle.jpg http=1.1 rfr="http://localhost:34463/" st=200 cl=814226 - time=18.816 ms
[Tue, 19 Jan 2016 00:51:38 GMT] ip=::1 mtd=GET url=/images/portfolio/florida_keys.jpg http=1.1 rfr="http://localhost:34463/" st=200 cl=419006 - time=7.319 ms
[Tue, 19 Jan 2016 00:51:38 GMT] ip=::1 mtd=GET url=/images/portfolio/sf.jpg http=1.1 rfr="http://localhost:34463/" st=200 cl=1121808 - time=27.294 ms
[Tue, 19 Jan 2016 00:51:38 GMT] ip=::1 mtd=GET url=/fonts/lato-bol-webfont.woff http=1.1 rfr="http://localhost:34463/" st=200 cl=32392 - time=1.897 ms
[Tue, 19 Jan 2016 00:51:38 GMT] ip=::1 mtd=GET url=/fonts/opensans-regular-webfont.woff http=1.1 rfr="http://localhost:34463/" st=200 cl=24736 - time=1.623 ms
[Tue, 19 Jan 2016 00:51:38 GMT] ip=::1 mtd=GET url=/fonts/lato-lig-webfont.woff http=1.1 rfr="http://localhost:34463/" st=200 cl=31020 - time=1.483 ms
[Tue, 19 Jan 2016 00:51:38 GMT] ip=::1 mtd=GET url=/images/logo/exp-logo.svg http=1.1 rfr="http://localhost:34463/" st=304 cl=- - time=3.496 ms
[Tue, 19 Jan 2016 00:51:38 GMT] ip=::1 mtd=GET url=/images/generic/tick_on.png http=1.1 rfr="http://localhost:34463/" st=304 cl=- - time=3.946 ms
[Tue, 19 Jan 2016 00:51:38 GMT] ip=::1 mtd=GET url=/images/portfolio/nyc.jpg http=1.1 rfr="http://localhost:34463/" st=304 cl=- - time=3.889 ms
[Tue, 19 Jan 2016 00:51:38 GMT] ip=::1 mtd=GET url=/images/portfolio/maui.jpg http=1.1 rfr="http://localhost:34463/" st=304 cl=- - time=3.820 ms
[Tue, 19 Jan 2016 00:51:38 GMT] ip=::1 mtd=GET url=/images/portfolio/miami.jpg http=1.1 rfr="http://localhost:34463/" st=304 cl=- - time=3.909 ms
[Tue, 19 Jan 2016 00:51:38 GMT] ip=::1 mtd=GET url=/images/portfolio/chicago.jpg http=1.1 rfr="http://localhost:34463/" st=304 cl=- - time=3.773 ms
[Tue, 19 Jan 2016 00:51:38 GMT] ip=::1 mtd=GET url=/images/portfolio/las-vegas.jpg http=1.1 rfr="http://localhost:34463/" st=304 cl=- - time=2.186 ms
[Tue, 19 Jan 2016 00:51:38 GMT] ip=::1 mtd=GET url=/images/portfolio/sandy.jpg http=1.1 rfr="http://localhost:34463/" st=304 cl=- - time=3.048 ms
[Tue, 19 Jan 2016 00:51:38 GMT] ip=::1 mtd=GET url=/images/portfolio/sf.jpg http=1.1 rfr="http://localhost:34463/" st=304 cl=- - time=3.123 ms
[Tue, 19 Jan 2016 00:51:38 GMT] ip=::1 mtd=GET url=/images/portfolio/boston.jpg http=1.1 rfr="http://localhost:34463/" st=304 cl=- - time=3.115 ms
[Tue, 19 Jan 2016 00:51:38 GMT] ip=::1 mtd=GET url=/images/portfolio/dc.jpg http=1.1 rfr="http://localhost:34463/" st=304 cl=- - time=3.306 ms
[Tue, 19 Jan 2016 00:51:38 GMT] ip=::1 mtd=GET url=/images/portfolio/bbq.jpg http=1.1 rfr="http://localhost:34463/" st=304 cl=- - time=3.409 ms
[Tue, 19 Jan 2016 00:51:38 GMT] ip=::1 mtd=GET url=/images/portfolio/hollywood.jpg http=1.1 rfr="http://localhost:34463/" st=304 cl=- - time=3.131 ms
[Tue, 19 Jan 2016 00:51:38 GMT] ip=::1 mtd=GET url=/images/portfolio/mardi.jpg http=1.1 rfr="http://localhost:34463/" st=304 cl=- - time=3.048 ms
[Tue, 19 Jan 2016 00:51:38 GMT] ip=::1 mtd=GET url=/images/portfolio/seattle.jpg http=1.1 rfr="http://localhost:34463/" st=304 cl=- - time=3.142 ms
[Tue, 19 Jan 2016 00:51:38 GMT] ip=::1 mtd=GET url=/images/portfolio/oc.jpg http=1.1 rfr="http://localhost:34463/" st=304 cl=- - time=2.947 ms
[Tue, 19 Jan 2016 00:51:38 GMT] ip=::1 mtd=GET url=/images/portfolio/disney.jpg http=1.1 rfr="http://localhost:34463/" st=304 cl=- - time=0.605 ms
[Tue, 19 Jan 2016 00:51:38 GMT] ip=::1 mtd=GET url=/images/portfolio/florida_keys.jpg http=1.1 rfr="http://localhost:34463/" st=304 cl=- - time=1.206 ms
[Tue, 19 Jan 2016 00:51:56 GMT] ip=::1 mtd=GET url=/mymongo?regionId=178293&regionidsToTlas=JFK,EWR,LGA,JRB,ISP&departDate=&los=1 http=1.1 rfr="http://localhost:34463/" st=200 cl=51 - time=1382.629 ms
[Tue, 19 Jan 2016 00:53:42 GMT] ip=::1 mtd=GET url=/ http=1.1 rfr="-" st=200 cl=19291 - time=38.227 ms
[Tue, 19 Jan 2016 00:53:42 GMT] ip=::1 mtd=GET url=/stylesheets/reset.css http=1.1 rfr="http://localhost:12345/" st=200 cl=1134 - time=14.038 ms
[Tue, 19 Jan 2016 00:53:42 GMT] ip=::1 mtd=GET url=/script/libs/jQRangeSlider-5.7.1/css/classic.css http=1.1 rfr="http://localhost:12345/" st=200 cl=1763 - time=8.884 ms
[Tue, 19 Jan 2016 00:53:42 GMT] ip=::1 mtd=GET url=/stylesheets/custom/custom-main.css http=1.1 rfr="http://localhost:12345/" st=200 cl=16104 - time=8.591 ms
[Tue, 19 Jan 2016 00:53:42 GMT] ip=::1 mtd=GET url=/stylesheets/custom/custom-responsive.css http=1.1 rfr="http://localhost:12345/" st=200 cl=3538 - time=8.599 ms
[Tue, 19 Jan 2016 00:53:42 GMT] ip=::1 mtd=GET url=/stylesheets/plugins/fonts.css http=1.1 rfr="http://localhost:12345/" st=200 cl=11731 - time=8.434 ms
[Tue, 19 Jan 2016 00:53:42 GMT] ip=::1 mtd=GET url=/stylesheets/bootstrap/bootstrap.min.css http=1.1 rfr="http://localhost:12345/" st=200 cl=121260 - time=9.235 ms
[Tue, 19 Jan 2016 00:53:42 GMT] ip=::1 mtd=GET url=/stylesheets/plugins/font-awesome.min.css http=1.1 rfr="http://localhost:12345/" st=200 cl=21984 - time=1.025 ms
[Tue, 19 Jan 2016 00:53:42 GMT] ip=::1 mtd=GET url=/stylesheets/plugins/animate.css http=1.1 rfr="http://localhost:12345/" st=200 cl=68760 - time=1.736 ms
[Tue, 19 Jan 2016 00:53:42 GMT] ip=::1 mtd=GET url=/script/libs/jQRangeSlider-5.7.1/lib/jquery.mousewheel.min.js http=1.1 rfr="http://localhost:12345/" st=200 cl=1392 - time=1.297 ms
[Tue, 19 Jan 2016 00:53:42 GMT] ip=::1 mtd=GET url=/script/libs/jQRangeSlider-5.7.1/jQDateRangeSlider-withRuler-min.js http=1.1 rfr="http://localhost:12345/" st=200 cl=48126 - time=1.111 ms
[Tue, 19 Jan 2016 00:53:42 GMT] ip=::1 mtd=GET url=/script/libs/queryloader2.min.js http=1.1 rfr="http://localhost:12345/" st=200 cl=11563 - time=1.236 ms
[Tue, 19 Jan 2016 00:53:42 GMT] ip=::1 mtd=GET url=/script/libs/modernizr.js http=1.1 rfr="http://localhost:12345/" st=200 cl=9946 - time=5.382 ms
[Tue, 19 Jan 2016 00:53:42 GMT] ip=::1 mtd=GET url=/script/plugins/plugins.js http=1.1 rfr="http://localhost:12345/" st=200 cl=163129 - time=5.074 ms
[Tue, 19 Jan 2016 00:53:42 GMT] ip=::1 mtd=GET url=/script/app/main.js http=1.1 rfr="http://localhost:12345/" st=200 cl=26282 - time=3.316 ms
[Tue, 19 Jan 2016 00:53:42 GMT] ip=::1 mtd=GET url=/script/app/tellMe.js http=1.1 rfr="http://localhost:12345/" st=200 cl=881 - time=2.635 ms
[Tue, 19 Jan 2016 00:53:42 GMT] ip=::1 mtd=GET url=/images/logo/exp-logo.svg http=1.1 rfr="http://localhost:12345/" st=200 cl=6288 - time=1.570 ms
[Tue, 19 Jan 2016 00:53:42 GMT] ip=::1 mtd=GET url=/images/portfolio/dc.jpg http=1.1 rfr="http://localhost:12345/" st=200 cl=98480 - time=5.053 ms
[Tue, 19 Jan 2016 00:53:42 GMT] ip=::1 mtd=GET url=/images/portfolio/disney.jpg http=1.1 rfr="http://localhost:12345/" st=200 cl=320686 - time=6.651 ms
[Tue, 19 Jan 2016 00:53:42 GMT] ip=::1 mtd=GET url=/images/portfolio/nyc.jpg http=1.1 rfr="http://localhost:12345/" st=200 cl=638176 - time=10.842 ms
[Tue, 19 Jan 2016 00:53:42 GMT] ip=::1 mtd=GET url=/images/portfolio/las-vegas.jpg http=1.1 rfr="http://localhost:12345/" st=200 cl=224171 - time=1.462 ms
[Tue, 19 Jan 2016 00:53:42 GMT] ip=::1 mtd=GET url=/images/portfolio/chicago.jpg http=1.1 rfr="http://localhost:12345/" st=200 cl=857198 - time=17.536 ms
[Tue, 19 Jan 2016 00:53:42 GMT] ip=::1 mtd=GET url=/images/portfolio/maui.jpg http=1.1 rfr="http://localhost:12345/" st=200 cl=927165 - time=22.430 ms
[Tue, 19 Jan 2016 00:53:42 GMT] ip=::1 mtd=GET url=/images/portfolio/hollywood.jpg http=1.1 rfr="http://localhost:12345/" st=200 cl=366792 - time=2.756 ms
[Tue, 19 Jan 2016 00:53:42 GMT] ip=::1 mtd=GET url=/images/portfolio/sandy.jpg http=1.1 rfr="http://localhost:12345/" st=200 cl=603424 - time=6.154 ms
[Tue, 19 Jan 2016 00:53:42 GMT] ip=::1 mtd=GET url=/images/portfolio/mardi.jpg http=1.1 rfr="http://localhost:12345/" st=200 cl=408831 - time=4.184 ms
[Tue, 19 Jan 2016 00:53:42 GMT] ip=::1 mtd=GET url=/fonts/opensans-regular-webfont.woff http=1.1 rfr="http://localhost:12345/stylesheets/plugins/fonts.css" st=200 cl=24736 - time=1.268 ms
[Tue, 19 Jan 2016 00:53:42 GMT] ip=::1 mtd=GET url=/images/portfolio/miami.jpg http=1.1 rfr="http://localhost:12345/" st=200 cl=1009315 - time=127.971 ms
[Tue, 19 Jan 2016 00:53:42 GMT] ip=::1 mtd=GET url=/images/portfolio/boston.jpg http=1.1 rfr="http://localhost:12345/" st=200 cl=177272 - time=6.770 ms
[Tue, 19 Jan 2016 00:53:42 GMT] ip=::1 mtd=GET url=/images/portfolio/oc.jpg http=1.1 rfr="http://localhost:12345/" st=200 cl=66958 - time=1.606 ms
[Tue, 19 Jan 2016 00:53:42 GMT] ip=::1 mtd=GET url=/fonts/lato-bol-webfont.woff http=1.1 rfr="http://localhost:12345/stylesheets/plugins/fonts.css" st=200 cl=32392 - time=1.349 ms
[Tue, 19 Jan 2016 00:53:42 GMT] ip=::1 mtd=GET url=/images/portfolio/sf.jpg http=1.1 rfr="http://localhost:12345/" st=200 cl=1121808 - time=112.609 ms
[Tue, 19 Jan 2016 00:53:42 GMT] ip=::1 mtd=GET url=/images/portfolio/bbq.jpg http=1.1 rfr="http://localhost:12345/" st=200 cl=397433 - time=4.541 ms
[Tue, 19 Jan 2016 00:53:42 GMT] ip=::1 mtd=GET url=/fonts/lato-lig-webfont.woff http=1.1 rfr="http://localhost:12345/stylesheets/plugins/fonts.css" st=200 cl=31020 - time=1.981 ms
[Tue, 19 Jan 2016 00:53:42 GMT] ip=::1 mtd=GET url=/images/portfolio/seattle.jpg http=1.1 rfr="http://localhost:12345/" st=200 cl=814226 - time=20.394 ms
[Tue, 19 Jan 2016 00:53:42 GMT] ip=::1 mtd=GET url=/images/generic/tick_on.png http=1.1 rfr="http://localhost:12345/stylesheets/custom/custom-main.css" st=200 cl=684 - time=1.249 ms
[Tue, 19 Jan 2016 00:53:42 GMT] ip=::1 mtd=GET url=/images/portfolio/florida_keys.jpg http=1.1 rfr="http://localhost:12345/" st=200 cl=419006 - time=2.688 ms
[Tue, 19 Jan 2016 00:54:00 GMT] ip=::1 mtd=GET url=/mymongo?regionId=178293&regionidsToTlas=JFK,EWR,LGA,JRB,ISP&departDate=2016-02-09&los=-28 http=1.1 rfr="http://localhost:12345/" st=200 cl=51 - time=1067.261 ms
[Tue, 19 Jan 2016 00:54:00 GMT] ip=::1 mtd=GET url=/mymongo?regionId=180073&regionidsToTlas=OGG&departDate=2016-02-09&los=-28 http=1.1 rfr="http://localhost:12345/" st=200 cl=51 - time=1074.810 ms
[Tue, 19 Jan 2016 00:55:06 GMT] ip=::1 mtd=GET url=/ http=1.1 rfr="-" st=200 cl=19291 - time=15.949 ms
[Tue, 19 Jan 2016 00:55:06 GMT] ip=::1 mtd=GET url=/stylesheets/reset.css http=1.1 rfr="http://localhost:12345/" st=304 cl=- - time=3.665 ms
[Tue, 19 Jan 2016 00:55:06 GMT] ip=::1 mtd=GET url=/script/libs/jQRangeSlider-5.7.1/css/classic.css http=1.1 rfr="http://localhost:12345/" st=304 cl=- - time=3.109 ms
[Tue, 19 Jan 2016 00:55:06 GMT] ip=::1 mtd=GET url=/stylesheets/bootstrap/bootstrap.min.css http=1.1 rfr="http://localhost:12345/" st=304 cl=- - time=2.952 ms
[Tue, 19 Jan 2016 00:55:06 GMT] ip=::1 mtd=GET url=/stylesheets/custom/custom-main.css http=1.1 rfr="http://localhost:12345/" st=304 cl=- - time=2.699 ms
[Tue, 19 Jan 2016 00:55:06 GMT] ip=::1 mtd=GET url=/stylesheets/custom/custom-responsive.css http=1.1 rfr="http://localhost:12345/" st=304 cl=- - time=2.378 ms
[Tue, 19 Jan 2016 00:55:06 GMT] ip=::1 mtd=GET url=/stylesheets/plugins/fonts.css http=1.1 rfr="http://localhost:12345/" st=304 cl=- - time=0.724 ms
[Tue, 19 Jan 2016 00:55:06 GMT] ip=::1 mtd=GET url=/stylesheets/plugins/font-awesome.min.css http=1.1 rfr="http://localhost:12345/" st=304 cl=- - time=1.703 ms
[Tue, 19 Jan 2016 00:55:06 GMT] ip=::1 mtd=GET url=/stylesheets/plugins/animate.css http=1.1 rfr="http://localhost:12345/" st=304 cl=- - time=1.259 ms
[Tue, 19 Jan 2016 00:55:06 GMT] ip=::1 mtd=GET url=/script/libs/jQRangeSlider-5.7.1/lib/jquery.mousewheel.min.js http=1.1 rfr="http://localhost:12345/" st=304 cl=- - time=1.212 ms
[Tue, 19 Jan 2016 00:55:06 GMT] ip=::1 mtd=GET url=/script/libs/jQRangeSlider-5.7.1/jQDateRangeSlider-withRuler-min.js http=1.1 rfr="http://localhost:12345/" st=304 cl=- - time=0.725 ms
[Tue, 19 Jan 2016 00:55:06 GMT] ip=::1 mtd=GET url=/script/libs/queryloader2.min.js http=1.1 rfr="http://localhost:12345/" st=304 cl=- - time=0.841 ms
[Tue, 19 Jan 2016 00:55:06 GMT] ip=::1 mtd=GET url=/script/libs/modernizr.js http=1.1 rfr="http://localhost:12345/" st=304 cl=- - time=0.802 ms
[Tue, 19 Jan 2016 00:55:06 GMT] ip=::1 mtd=GET url=/script/plugins/plugins.js http=1.1 rfr="http://localhost:12345/" st=304 cl=- - time=0.777 ms
[Tue, 19 Jan 2016 00:55:06 GMT] ip=::1 mtd=GET url=/script/app/main.js http=1.1 rfr="http://localhost:12345/" st=304 cl=- - time=0.842 ms
[Tue, 19 Jan 2016 00:55:06 GMT] ip=::1 mtd=GET url=/script/app/tellMe.js http=1.1 rfr="http://localhost:12345/" st=304 cl=- - time=0.852 ms
[Tue, 19 Jan 2016 00:55:06 GMT] ip=::1 mtd=GET url=/images/logo/exp-logo.svg http=1.1 rfr="http://localhost:12345/" st=304 cl=- - time=1.833 ms
[Tue, 19 Jan 2016 00:55:06 GMT] ip=::1 mtd=GET url=/images/portfolio/nyc.jpg http=1.1 rfr="http://localhost:12345/" st=304 cl=- - time=2.326 ms
[Tue, 19 Jan 2016 00:55:06 GMT] ip=::1 mtd=GET url=/images/portfolio/maui.jpg http=1.1 rfr="http://localhost:12345/" st=304 cl=- - time=1.716 ms
[Tue, 19 Jan 2016 00:55:06 GMT] ip=::1 mtd=GET url=/images/portfolio/miami.jpg http=1.1 rfr="http://localhost:12345/" st=304 cl=- - time=1.940 ms
[Tue, 19 Jan 2016 00:55:06 GMT] ip=::1 mtd=GET url=/images/portfolio/chicago.jpg http=1.1 rfr="http://localhost:12345/" st=304 cl=- - time=2.571 ms
[Tue, 19 Jan 2016 00:55:06 GMT] ip=::1 mtd=GET url=/images/portfolio/dc.jpg http=1.1 rfr="http://localhost:12345/" st=304 cl=- - time=0.973 ms
[Tue, 19 Jan 2016 00:55:06 GMT] ip=::1 mtd=GET url=/images/portfolio/disney.jpg http=1.1 rfr="http://localhost:12345/" st=304 cl=- - time=0.980 ms
[Tue, 19 Jan 2016 00:55:06 GMT] ip=::1 mtd=GET url=/images/portfolio/las-vegas.jpg http=1.1 rfr="http://localhost:12345/" st=304 cl=- - time=0.404 ms
[Tue, 19 Jan 2016 00:55:06 GMT] ip=::1 mtd=GET url=/images/portfolio/hollywood.jpg http=1.1 rfr="http://localhost:12345/" st=304 cl=- - time=0.437 ms
[Tue, 19 Jan 2016 00:55:06 GMT] ip=::1 mtd=GET url=/images/portfolio/sandy.jpg http=1.1 rfr="http://localhost:12345/" st=304 cl=- - time=0.913 ms
[Tue, 19 Jan 2016 00:55:06 GMT] ip=::1 mtd=GET url=/images/portfolio/mardi.jpg http=1.1 rfr="http://localhost:12345/" st=304 cl=- - time=2.332 ms
[Tue, 19 Jan 2016 00:55:06 GMT] ip=::1 mtd=GET url=/images/portfolio/sf.jpg http=1.1 rfr="http://localhost:12345/" st=304 cl=- - time=0.333 ms
[Tue, 19 Jan 2016 00:55:06 GMT] ip=::1 mtd=GET url=/fonts/opensans-regular-webfont.woff http=1.1 rfr="http://localhost:12345/stylesheets/plugins/fonts.css" st=304 cl=- - time=0.847 ms
[Tue, 19 Jan 2016 00:55:06 GMT] ip=::1 mtd=GET url=/images/portfolio/seattle.jpg http=1.1 rfr="http://localhost:12345/" st=304 cl=- - time=0.643 ms
[Tue, 19 Jan 2016 00:55:06 GMT] ip=::1 mtd=GET url=/images/portfolio/boston.jpg http=1.1 rfr="http://localhost:12345/" st=304 cl=- - time=0.400 ms
[Tue, 19 Jan 2016 00:55:06 GMT] ip=::1 mtd=GET url=/images/portfolio/oc.jpg http=1.1 rfr="http://localhost:12345/" st=304 cl=- - time=0.980 ms
[Tue, 19 Jan 2016 00:55:06 GMT] ip=::1 mtd=GET url=/images/portfolio/bbq.jpg http=1.1 rfr="http://localhost:12345/" st=304 cl=- - time=0.437 ms
[Tue, 19 Jan 2016 00:55:06 GMT] ip=::1 mtd=GET url=/images/portfolio/florida_keys.jpg http=1.1 rfr="http://localhost:12345/" st=304 cl=- - time=1.978 ms
[Tue, 19 Jan 2016 00:55:06 GMT] ip=::1 mtd=GET url=/fonts/lato-bol-webfont.woff http=1.1 rfr="http://localhost:12345/stylesheets/plugins/fonts.css" st=304 cl=- - time=1.827 ms
[Tue, 19 Jan 2016 00:55:06 GMT] ip=::1 mtd=GET url=/fonts/lato-lig-webfont.woff http=1.1 rfr="http://localhost:12345/stylesheets/plugins/fonts.css" st=304 cl=- - time=1.716 ms
[Tue, 19 Jan 2016 00:55:06 GMT] ip=::1 mtd=GET url=/images/generic/tick_on.png http=1.1 rfr="http://localhost:12345/stylesheets/custom/custom-main.css" st=304 cl=- - time=0.536 ms
[Tue, 19 Jan 2016 00:55:33 GMT] ip=::1 mtd=GET url=/mymongo?regionId=178248&regionidsToTlas=ORD,MDW,RFD&departDate=2016-03-10&los=0 http=1.1 rfr="http://localhost:12345/" st=200 cl=51 - time=808.739 ms
[Tue, 19 Jan 2016 00:55:33 GMT] ip=::1 mtd=GET url=/mymongo?regionId=180073&regionidsToTlas=OGG&departDate=2016-03-10&los=0 http=1.1 rfr="http://localhost:12345/" st=200 cl=51 - time=823.999 ms
[Tue, 19 Jan 2016 00:55:33 GMT] ip=::1 mtd=GET url=/mymongo?regionId=178276&regionidsToTlas=LAS&departDate=2016-03-10&los=0 http=1.1 rfr="http://localhost:12345/" st=200 cl=51 - time=825.345 ms
[Tue, 19 Jan 2016 00:55:37 GMT] ip=::1 mtd=GET url=/stylesheets/reset.css http=1.1 rfr="http://localhost:12345/" st=304 cl=- - time=1.918 ms
[Tue, 19 Jan 2016 00:55:37 GMT] ip=::1 mtd=GET url=/script/libs/jQRangeSlider-5.7.1/css/classic.css http=1.1 rfr="http://localhost:12345/" st=304 cl=- - time=1.663 ms
[Tue, 19 Jan 2016 00:55:37 GMT] ip=::1 mtd=GET url=/stylesheets/bootstrap/bootstrap.min.css http=1.1 rfr="http://localhost:12345/" st=304 cl=- - time=1.859 ms
[Tue, 19 Jan 2016 00:55:37 GMT] ip=::1 mtd=GET url=/stylesheets/custom/custom-main.css http=1.1 rfr="http://localhost:12345/" st=304 cl=- - time=1.509 ms
[Tue, 19 Jan 2016 00:55:37 GMT] ip=::1 mtd=GET url=/stylesheets/custom/custom-responsive.css http=1.1 rfr="http://localhost:12345/" st=304 cl=- - time=0.757 ms
[Tue, 19 Jan 2016 00:55:37 GMT] ip=::1 mtd=GET url=/stylesheets/plugins/fonts.css http=1.1 rfr="http://localhost:12345/" st=304 cl=- - time=0.699 ms
[Tue, 19 Jan 2016 00:55:37 GMT] ip=::1 mtd=GET url=/stylesheets/plugins/font-awesome.min.css http=1.1 rfr="http://localhost:12345/" st=304 cl=- - time=0.419 ms
[Tue, 19 Jan 2016 00:55:37 GMT] ip=::1 mtd=GET url=/stylesheets/plugins/animate.css http=1.1 rfr="http://localhost:12345/" st=304 cl=- - time=0.509 ms
[Tue, 19 Jan 2016 00:55:37 GMT] ip=::1 mtd=GET url=/stylesheets/bootstrap/bootstrap.min.css.map http=1.1 rfr="-" st=200 cl=54416 - time=1.701 ms
[Tue, 19 Jan 2016 01:06:14 GMT] ip=::1 mtd=GET url=/ http=1.1 rfr="-" st=200 cl=19271 - time=38.731 ms
[Tue, 19 Jan 2016 01:06:14 GMT] ip=::1 mtd=GET url=/stylesheets/reset.css http=1.1 rfr="http://localhost:12345/" st=200 cl=1134 - time=8.882 ms
[Tue, 19 Jan 2016 01:06:14 GMT] ip=::1 mtd=GET url=/script/libs/jQRangeSlider-5.7.1/css/classic.css http=1.1 rfr="http://localhost:12345/" st=200 cl=1763 - time=8.687 ms
[Tue, 19 Jan 2016 01:06:14 GMT] ip=::1 mtd=GET url=/stylesheets/custom/custom-main.css http=1.1 rfr="http://localhost:12345/" st=200 cl=16104 - time=5.749 ms
[Tue, 19 Jan 2016 01:06:14 GMT] ip=::1 mtd=GET url=/stylesheets/custom/custom-responsive.css http=1.1 rfr="http://localhost:12345/" st=200 cl=3538 - time=5.526 ms
[Tue, 19 Jan 2016 01:06:14 GMT] ip=::1 mtd=GET url=/stylesheets/plugins/fonts.css http=1.1 rfr="http://localhost:12345/" st=200 cl=11731 - time=5.916 ms
[Tue, 19 Jan 2016 01:06:14 GMT] ip=::1 mtd=GET url=/stylesheets/bootstrap/bootstrap.min.css http=1.1 rfr="http://localhost:12345/" st=200 cl=121260 - time=9.721 ms
[Tue, 19 Jan 2016 01:06:14 GMT] ip=::1 mtd=GET url=/stylesheets/plugins/font-awesome.min.css http=1.1 rfr="http://localhost:12345/" st=200 cl=21984 - time=3.045 ms
[Tue, 19 Jan 2016 01:06:14 GMT] ip=::1 mtd=GET url=/stylesheets/plugins/animate.css http=1.1 rfr="http://localhost:12345/" st=200 cl=68760 - time=7.787 ms
[Tue, 19 Jan 2016 01:06:14 GMT] ip=::1 mtd=GET url=/script/libs/jQRangeSlider-5.7.1/lib/jquery.mousewheel.min.js http=1.1 rfr="http://localhost:12345/" st=200 cl=1392 - time=6.962 ms
[Tue, 19 Jan 2016 01:06:14 GMT] ip=::1 mtd=GET url=/script/libs/queryloader2.min.js http=1.1 rfr="http://localhost:12345/" st=200 cl=11563 - time=6.569 ms
[Tue, 19 Jan 2016 01:06:14 GMT] ip=::1 mtd=GET url=/script/libs/modernizr.js http=1.1 rfr="http://localhost:12345/" st=200 cl=9946 - time=6.145 ms
[Tue, 19 Jan 2016 01:06:14 GMT] ip=::1 mtd=GET url=/script/libs/jQRangeSlider-5.7.1/jQDateRangeSlider-withRuler-min.js http=1.1 rfr="http://localhost:12345/" st=200 cl=48126 - time=7.058 ms
[Tue, 19 Jan 2016 01:06:14 GMT] ip=::1 mtd=GET url=/script/plugins/plugins.js http=1.1 rfr="http://localhost:12345/" st=200 cl=163129 - time=4.806 ms
[Tue, 19 Jan 2016 01:06:14 GMT] ip=::1 mtd=GET url=/script/app/main.js http=1.1 rfr="http://localhost:12345/" st=200 cl=26282 - time=2.373 ms
[Tue, 19 Jan 2016 01:06:14 GMT] ip=::1 mtd=GET url=/script/app/tellMe.js http=1.1 rfr="http://localhost:12345/" st=200 cl=1010 - time=0.748 ms
[Tue, 19 Jan 2016 01:06:14 GMT] ip=::1 mtd=GET url=/images/logo/exp-logo.svg http=1.1 rfr="http://localhost:12345/" st=200 cl=6288 - time=1.008 ms
[Tue, 19 Jan 2016 01:06:14 GMT] ip=::1 mtd=GET url=/images/portfolio/nyc.jpg http=1.1 rfr="http://localhost:12345/" st=200 cl=638176 - time=2.830 ms
[Tue, 19 Jan 2016 01:06:14 GMT] ip=::1 mtd=GET url=/images/portfolio/maui.jpg http=1.1 rfr="http://localhost:12345/" st=200 cl=927165 - time=4.030 ms
[Tue, 19 Jan 2016 01:06:14 GMT] ip=::1 mtd=GET url=/images/portfolio/miami.jpg http=1.1 rfr="http://localhost:12345/" st=200 cl=1009315 - time=4.579 ms
[Tue, 19 Jan 2016 01:06:14 GMT] ip=::1 mtd=GET url=/images/portfolio/chicago.jpg http=1.1 rfr="http://localhost:12345/" st=200 cl=857198 - time=4.756 ms
[Tue, 19 Jan 2016 01:06:14 GMT] ip=::1 mtd=GET url=/images/portfolio/dc.jpg http=1.1 rfr="http://localhost:12345/" st=200 cl=98480 - time=0.926 ms
[Tue, 19 Jan 2016 01:06:14 GMT] ip=::1 mtd=GET url=/images/portfolio/disney.jpg http=1.1 rfr="http://localhost:12345/" st=200 cl=320686 - time=3.000 ms
[Tue, 19 Jan 2016 01:06:14 GMT] ip=::1 mtd=GET url=/images/portfolio/las-vegas.jpg http=1.1 rfr="http://localhost:12345/" st=200 cl=224171 - time=1.711 ms
[Tue, 19 Jan 2016 01:06:14 GMT] ip=::1 mtd=GET url=/images/portfolio/hollywood.jpg http=1.1 rfr="http://localhost:12345/" st=200 cl=366792 - time=2.723 ms
[Tue, 19 Jan 2016 01:06:14 GMT] ip=::1 mtd=GET url=/images/portfolio/sandy.jpg http=1.1 rfr="http://localhost:12345/" st=200 cl=603424 - time=2.913 ms
[Tue, 19 Jan 2016 01:06:14 GMT] ip=::1 mtd=GET url=/images/portfolio/mardi.jpg http=1.1 rfr="http://localhost:12345/" st=200 cl=408831 - time=9.463 ms
[Tue, 19 Jan 2016 01:06:14 GMT] ip=::1 mtd=GET url=/images/portfolio/sf.jpg http=1.1 rfr="http://localhost:12345/" st=200 cl=1121808 - time=4.463 ms
[Tue, 19 Jan 2016 01:06:14 GMT] ip=::1 mtd=GET url=/stylesheets/bootstrap/bootstrap.min.css.map http=1.1 rfr="-" st=304 cl=- - time=2.971 ms
[Tue, 19 Jan 2016 01:06:14 GMT] ip=::1 mtd=GET url=/images/portfolio/oc.jpg http=1.1 rfr="http://localhost:12345/" st=200 cl=66958 - time=10.459 ms
[Tue, 19 Jan 2016 01:06:14 GMT] ip=::1 mtd=GET url=/images/portfolio/boston.jpg http=1.1 rfr="http://localhost:12345/" st=200 cl=177272 - time=12.063 ms
[Tue, 19 Jan 2016 01:06:14 GMT] ip=::1 mtd=GET url=/images/portfolio/bbq.jpg http=1.1 rfr="http://localhost:12345/" st=200 cl=397433 - time=13.011 ms
[Tue, 19 Jan 2016 01:06:14 GMT] ip=::1 mtd=GET url=/images/portfolio/florida_keys.jpg http=1.1 rfr="http://localhost:12345/" st=200 cl=419006 - time=7.270 ms
[Tue, 19 Jan 2016 01:06:14 GMT] ip=::1 mtd=GET url=/images/portfolio/seattle.jpg http=1.1 rfr="http://localhost:12345/" st=200 cl=814226 - time=17.107 ms
[Tue, 19 Jan 2016 01:06:14 GMT] ip=::1 mtd=GET url=/fonts/opensans-regular-webfont.woff http=1.1 rfr="http://localhost:12345/stylesheets/plugins/fonts.css" st=200 cl=24736 - time=1.168 ms
[Tue, 19 Jan 2016 01:06:14 GMT] ip=::1 mtd=GET url=/images/portfolio/disney.jpg http=1.1 rfr="http://localhost:12345/" st=200 cl=320686 - time=5.741 ms
[Tue, 19 Jan 2016 01:06:14 GMT] ip=::1 mtd=GET url=/images/portfolio/las-vegas.jpg http=1.1 rfr="http://localhost:12345/" st=200 cl=224171 - time=4.345 ms
[Tue, 19 Jan 2016 01:06:14 GMT] ip=::1 mtd=GET url=/images/portfolio/hollywood.jpg http=1.1 rfr="http://localhost:12345/" st=200 cl=366792 - time=3.420 ms
[Tue, 19 Jan 2016 01:06:14 GMT] ip=::1 mtd=GET url=/images/portfolio/maui.jpg http=1.1 rfr="http://localhost:12345/" st=200 cl=927165 - time=16.092 ms
[Tue, 19 Jan 2016 01:06:14 GMT] ip=::1 mtd=GET url=/images/portfolio/chicago.jpg http=1.1 rfr="http://localhost:12345/" st=200 cl=857198 - time=14.698 ms
[Tue, 19 Jan 2016 01:06:14 GMT] ip=::1 mtd=GET url=/fonts/lato-lig-webfont.woff http=1.1 rfr="http://localhost:12345/stylesheets/plugins/fonts.css" st=200 cl=31020 - time=3.611 ms
[Tue, 19 Jan 2016 01:06:14 GMT] ip=::1 mtd=GET url=/fonts/lato-bol-webfont.woff http=1.1 rfr="http://localhost:12345/stylesheets/plugins/fonts.css" st=200 cl=32392 - time=4.357 ms
[Tue, 19 Jan 2016 01:06:14 GMT] ip=::1 mtd=GET url=/images/portfolio/sandy.jpg http=1.1 rfr="http://localhost:12345/" st=200 cl=603424 - time=3.968 ms
[Tue, 19 Jan 2016 01:06:14 GMT] ip=::1 mtd=GET url=/images/portfolio/miami.jpg http=1.1 rfr="http://localhost:12345/" st=200 cl=1009315 - time=30.467 ms
[Tue, 19 Jan 2016 01:06:14 GMT] ip=::1 mtd=GET url=/images/portfolio/mardi.jpg http=1.1 rfr="http://localhost:12345/" st=200 cl=408831 - time=3.685 ms
[Tue, 19 Jan 2016 01:06:14 GMT] ip=::1 mtd=GET url=/images/generic/tick_on.png http=1.1 rfr="http://localhost:12345/stylesheets/custom/custom-main.css" st=200 cl=684 - time=1.020 ms
[Tue, 19 Jan 2016 01:06:14 GMT] ip=::1 mtd=GET url=/images/portfolio/sf.jpg http=1.1 rfr="http://localhost:12345/" st=200 cl=1121808 - time=12.867 ms
[Tue, 19 Jan 2016 01:06:32 GMT] ip=::1 mtd=GET url=/mymongo?regionId=178294&regionidsToTlas=MCO,SFB&departDate=2016-01-16&los=6 http=1.1 rfr="http://localhost:12345/" st=200 cl=1023 - time=938.161 ms
[Tue, 19 Jan 2016 01:06:32 GMT] ip=::1 mtd=GET url=/mymongo?regionId=178318&regionidsToTlas=BWI,IAD,DCA&departDate=2016-01-16&los=6 http=1.1 rfr="http://localhost:12345/" st=200 cl=451 - time=944.909 ms
[Tue, 19 Jan 2016 01:06:32 GMT] ip=::1 mtd=GET url=/mymongo?regionId=178286&regionidsToTlas=MIA&departDate=2016-01-16&los=6 http=1.1 rfr="http://localhost:12345/" st=200 cl=792 - time=950.803 ms
[Tue, 19 Jan 2016 01:07:40 GMT] ip=::1 mtd=GET url=/ http=1.1 rfr="-" st=200 cl=19271 - time=12.418 ms
[Tue, 19 Jan 2016 01:07:40 GMT] ip=::1 mtd=GET url=/stylesheets/reset.css http=1.1 rfr="http://localhost:12345/" st=200 cl=1134 - time=6.597 ms
[Tue, 19 Jan 2016 01:07:40 GMT] ip=::1 mtd=GET url=/script/libs/jQRangeSlider-5.7.1/css/classic.css http=1.1 rfr="http://localhost:12345/" st=200 cl=1763 - time=6.261 ms
[Tue, 19 Jan 2016 01:07:40 GMT] ip=::1 mtd=GET url=/stylesheets/custom/custom-main.css http=1.1 rfr="http://localhost:12345/" st=200 cl=16104 - time=6.067 ms
[Tue, 19 Jan 2016 01:07:40 GMT] ip=::1 mtd=GET url=/stylesheets/custom/custom-responsive.css http=1.1 rfr="http://localhost:12345/" st=200 cl=3538 - time=5.230 ms
[Tue, 19 Jan 2016 01:07:40 GMT] ip=::1 mtd=GET url=/stylesheets/plugins/fonts.css http=1.1 rfr="http://localhost:12345/" st=200 cl=11731 - time=4.885 ms
[Tue, 19 Jan 2016 01:07:40 GMT] ip=::1 mtd=GET url=/stylesheets/bootstrap/bootstrap.min.css http=1.1 rfr="http://localhost:12345/" st=200 cl=121260 - time=6.675 ms
[Tue, 19 Jan 2016 01:07:40 GMT] ip=::1 mtd=GET url=/stylesheets/plugins/font-awesome.min.css http=1.1 rfr="http://localhost:12345/" st=200 cl=21984 - time=0.704 ms
[Tue, 19 Jan 2016 01:07:40 GMT] ip=::1 mtd=GET url=/script/libs/jQRangeSlider-5.7.1/lib/jquery.mousewheel.min.js http=1.1 rfr="http://localhost:12345/" st=200 cl=1392 - time=3.589 ms
[Tue, 19 Jan 2016 01:07:40 GMT] ip=::1 mtd=GET url=/stylesheets/plugins/animate.css http=1.1 rfr="http://localhost:12345/" st=200 cl=68760 - time=4.906 ms
[Tue, 19 Jan 2016 01:07:40 GMT] ip=::1 mtd=GET url=/script/libs/jQRangeSlider-5.7.1/jQDateRangeSlider-withRuler-min.js http=1.1 rfr="http://localhost:12345/" st=200 cl=48126 - time=5.103 ms
[Tue, 19 Jan 2016 01:07:40 GMT] ip=::1 mtd=GET url=/script/libs/queryloader2.min.js http=1.1 rfr="http://localhost:12345/" st=200 cl=11563 - time=4.490 ms
[Tue, 19 Jan 2016 01:07:40 GMT] ip=::1 mtd=GET url=/script/libs/modernizr.js http=1.1 rfr="http://localhost:12345/" st=200 cl=9946 - time=4.924 ms
[Tue, 19 Jan 2016 01:07:40 GMT] ip=::1 mtd=GET url=/script/plugins/plugins.js http=1.1 rfr="http://localhost:12345/" st=200 cl=163129 - time=6.567 ms
[Tue, 19 Jan 2016 01:07:40 GMT] ip=::1 mtd=GET url=/script/app/main.js http=1.1 rfr="http://localhost:12345/" st=200 cl=26282 - time=6.548 ms
[Tue, 19 Jan 2016 01:07:40 GMT] ip=::1 mtd=GET url=/script/app/tellMe.js http=1.1 rfr="http://localhost:12345/" st=200 cl=1010 - time=5.831 ms
[Tue, 19 Jan 2016 01:07:40 GMT] ip=::1 mtd=GET url=/images/logo/exp-logo.svg http=1.1 rfr="http://localhost:12345/" st=200 cl=6288 - time=4.612 ms
[Tue, 19 Jan 2016 01:07:40 GMT] ip=::1 mtd=GET url=/images/portfolio/nyc.jpg http=1.1 rfr="http://localhost:12345/" st=200 cl=638176 - time=2.265 ms
[Tue, 19 Jan 2016 01:07:40 GMT] ip=::1 mtd=GET url=/images/portfolio/maui.jpg http=1.1 rfr="http://localhost:12345/" st=200 cl=927165 - time=16.755 ms
[Tue, 19 Jan 2016 01:07:40 GMT] ip=::1 mtd=GET url=/images/portfolio/dc.jpg http=1.1 rfr="http://localhost:12345/" st=200 cl=98480 - time=3.890 ms
[Tue, 19 Jan 2016 01:07:40 GMT] ip=::1 mtd=GET url=/images/portfolio/disney.jpg http=1.1 rfr="http://localhost:12345/" st=200 cl=320686 - time=5.073 ms
[Tue, 19 Jan 2016 01:07:40 GMT] ip=::1 mtd=GET url=/images/portfolio/las-vegas.jpg http=1.1 rfr="http://localhost:12345/" st=200 cl=224171 - time=4.400 ms
[Tue, 19 Jan 2016 01:07:40 GMT] ip=::1 mtd=GET url=/images/portfolio/hollywood.jpg http=1.1 rfr="http://localhost:12345/" st=200 cl=366792 - time=2.565 ms
[Tue, 19 Jan 2016 01:07:40 GMT] ip=::1 mtd=GET url=/images/portfolio/sandy.jpg http=1.1 rfr="http://localhost:12345/" st=200 cl=603424 - time=3.065 ms
[Tue, 19 Jan 2016 01:07:40 GMT] ip=::1 mtd=GET url=/images/portfolio/mardi.jpg http=1.1 rfr="http://localhost:12345/" st=200 cl=408831 - time=2.359 ms
[Tue, 19 Jan 2016 01:07:40 GMT] ip=::1 mtd=GET url=/images/portfolio/chicago.jpg http=1.1 rfr="http://localhost:12345/" st=200 cl=857198 - time=24.113 ms
[Tue, 19 Jan 2016 01:07:40 GMT] ip=::1 mtd=GET url=/images/portfolio/miami.jpg http=1.1 rfr="http://localhost:12345/" st=200 cl=1009315 - time=30.505 ms
[Tue, 19 Jan 2016 01:07:40 GMT] ip=::1 mtd=GET url=/images/portfolio/sf.jpg http=1.1 rfr="http://localhost:12345/" st=200 cl=1121808 - time=11.042 ms
[Tue, 19 Jan 2016 01:07:40 GMT] ip=::1 mtd=GET url=/images/portfolio/seattle.jpg http=1.1 rfr="http://localhost:12345/" st=200 cl=814226 - time=15.005 ms
[Tue, 19 Jan 2016 01:07:40 GMT] ip=::1 mtd=GET url=/images/portfolio/boston.jpg http=1.1 rfr="http://localhost:12345/" st=200 cl=177272 - time=4.792 ms
[Tue, 19 Jan 2016 01:07:40 GMT] ip=::1 mtd=GET url=/images/portfolio/oc.jpg http=1.1 rfr="http://localhost:12345/" st=200 cl=66958 - time=4.792 ms
[Tue, 19 Jan 2016 01:07:40 GMT] ip=::1 mtd=GET url=/images/portfolio/bbq.jpg http=1.1 rfr="http://localhost:12345/" st=200 cl=397433 - time=5.463 ms
[Tue, 19 Jan 2016 01:07:40 GMT] ip=::1 mtd=GET url=/images/portfolio/florida_keys.jpg http=1.1 rfr="http://localhost:12345/" st=200 cl=419006 - time=4.048 ms
[Tue, 19 Jan 2016 01:07:40 GMT] ip=::1 mtd=GET url=/stylesheets/bootstrap/bootstrap.min.css.map http=1.1 rfr="-" st=304 cl=- - time=0.893 ms
[Tue, 19 Jan 2016 01:07:40 GMT] ip=::1 mtd=GET url=/fonts/opensans-regular-webfont.woff http=1.1 rfr="http://localhost:12345/stylesheets/plugins/fonts.css" st=200 cl=24736 - time=0.834 ms
[Tue, 19 Jan 2016 01:07:40 GMT] ip=::1 mtd=GET url=/images/portfolio/disney.jpg http=1.1 rfr="http://localhost:12345/" st=200 cl=320686 - time=7.049 ms
[Tue, 19 Jan 2016 01:07:40 GMT] ip=::1 mtd=GET url=/images/portfolio/las-vegas.jpg http=1.1 rfr="http://localhost:12345/" st=200 cl=224171 - time=5.943 ms
[Tue, 19 Jan 2016 01:07:40 GMT] ip=::1 mtd=GET url=/images/portfolio/nyc.jpg http=1.1 rfr="http://localhost:12345/" st=200 cl=638176 - time=11.891 ms
[Tue, 19 Jan 2016 01:07:40 GMT] ip=::1 mtd=GET url=/images/portfolio/chicago.jpg http=1.1 rfr="http://localhost:12345/" st=200 cl=857198 - time=36.089 ms
[Tue, 19 Jan 2016 01:07:40 GMT] ip=::1 mtd=GET url=/fonts/lato-bol-webfont.woff http=1.1 rfr="http://localhost:12345/stylesheets/plugins/fonts.css" st=200 cl=32392 - time=4.115 ms
[Tue, 19 Jan 2016 01:07:40 GMT] ip=::1 mtd=GET url=/fonts/lato-lig-webfont.woff http=1.1 rfr="http://localhost:12345/stylesheets/plugins/fonts.css" st=200 cl=31020 - time=3.532 ms
[Tue, 19 Jan 2016 01:07:40 GMT] ip=::1 mtd=GET url=/images/portfolio/miami.jpg http=1.1 rfr="http://localhost:12345/" st=200 cl=1009315 - time=36.961 ms
[Tue, 19 Jan 2016 01:07:40 GMT] ip=::1 mtd=GET url=/images/portfolio/sandy.jpg http=1.1 rfr="http://localhost:12345/" st=200 cl=603424 - time=3.224 ms
[Tue, 19 Jan 2016 01:07:40 GMT] ip=::1 mtd=GET url=/images/portfolio/sf.jpg http=1.1 rfr="http://localhost:12345/" st=200 cl=1121808 - time=10.295 ms
[Tue, 19 Jan 2016 01:07:40 GMT] ip=::1 mtd=GET url=/images/portfolio/maui.jpg http=1.1 rfr="http://localhost:12345/" st=200 cl=927165 - time=78.221 ms
[Tue, 19 Jan 2016 01:07:40 GMT] ip=::1 mtd=GET url=/images/portfolio/hollywood.jpg http=1.1 rfr="http://localhost:12345/" st=200 cl=366792 - time=1.606 ms
[Tue, 19 Jan 2016 01:07:40 GMT] ip=::1 mtd=GET url=/images/portfolio/mardi.jpg http=1.1 rfr="http://localhost:12345/" st=200 cl=408831 - time=2.705 ms
[Tue, 19 Jan 2016 01:07:40 GMT] ip=::1 mtd=GET url=/images/generic/tick_on.png http=1.1 rfr="http://localhost:12345/stylesheets/custom/custom-main.css" st=200 cl=684 - time=1.236 ms
[Tue, 19 Jan 2016 01:07:40 GMT] ip=::1 mtd=GET url=/images/portfolio/seattle.jpg http=1.1 rfr="http://localhost:12345/" st=200 cl=814226 - time=12.000 ms
[Tue, 19 Jan 2016 01:07:55 GMT] ip=::1 mtd=GET url=/mymongo?regionId=180073&regionidsToTlas=OGG&departDate=2016-01-15&los=6 http=1.1 rfr="http://localhost:12345/" st=200 cl=1372 - time=1214.897 ms
[Tue, 19 Jan 2016 01:11:05 GMT] ip=::1 mtd=GET url=/ http=1.1 rfr="-" st=200 cl=19271 - time=37.001 ms
[Tue, 19 Jan 2016 01:11:05 GMT] ip=::1 mtd=GET url=/stylesheets/reset.css http=1.1 rfr="http://localhost:12345/" st=200 cl=1134 - time=9.337 ms
[Tue, 19 Jan 2016 01:11:05 GMT] ip=::1 mtd=GET url=/script/libs/jQRangeSlider-5.7.1/css/classic.css http=1.1 rfr="http://localhost:12345/" st=200 cl=1763 - time=8.488 ms
[Tue, 19 Jan 2016 01:11:05 GMT] ip=::1 mtd=GET url=/stylesheets/custom/custom-responsive.css http=1.1 rfr="http://localhost:12345/" st=200 cl=3538 - time=7.464 ms
[Tue, 19 Jan 2016 01:11:05 GMT] ip=::1 mtd=GET url=/stylesheets/custom/custom-main.css http=1.1 rfr="http://localhost:12345/" st=200 cl=16104 - time=8.073 ms
[Tue, 19 Jan 2016 01:11:05 GMT] ip=::1 mtd=GET url=/stylesheets/plugins/fonts.css http=1.1 rfr="http://localhost:12345/" st=200 cl=11731 - time=7.447 ms
[Tue, 19 Jan 2016 01:11:05 GMT] ip=::1 mtd=GET url=/stylesheets/bootstrap/bootstrap.min.css http=1.1 rfr="http://localhost:12345/" st=200 cl=121260 - time=8.728 ms
[Tue, 19 Jan 2016 01:11:05 GMT] ip=::1 mtd=GET url=/stylesheets/plugins/font-awesome.min.css http=1.1 rfr="http://localhost:12345/" st=200 cl=21984 - time=1.851 ms
[Tue, 19 Jan 2016 01:11:05 GMT] ip=::1 mtd=GET url=/script/libs/jQRangeSlider-5.7.1/lib/jquery.mousewheel.min.js http=1.1 rfr="http://localhost:12345/" st=200 cl=1392 - time=1.337 ms
[Tue, 19 Jan 2016 01:11:05 GMT] ip=::1 mtd=GET url=/stylesheets/plugins/animate.css http=1.1 rfr="http://localhost:12345/" st=200 cl=68760 - time=1.903 ms
[Tue, 19 Jan 2016 01:11:05 GMT] ip=::1 mtd=GET url=/script/libs/jQRangeSlider-5.7.1/jQDateRangeSlider-withRuler-min.js http=1.1 rfr="http://localhost:12345/" st=200 cl=48126 - time=4.935 ms
[Tue, 19 Jan 2016 01:11:05 GMT] ip=::1 mtd=GET url=/script/libs/queryloader2.min.js http=1.1 rfr="http://localhost:12345/" st=200 cl=11563 - time=5.434 ms
[Tue, 19 Jan 2016 01:11:05 GMT] ip=::1 mtd=GET url=/script/libs/modernizr.js http=1.1 rfr="http://localhost:12345/" st=200 cl=9946 - time=5.526 ms
[Tue, 19 Jan 2016 01:11:05 GMT] ip=::1 mtd=GET url=/script/plugins/plugins.js http=1.1 rfr="http://localhost:12345/" st=200 cl=163129 - time=6.664 ms
[Tue, 19 Jan 2016 01:11:05 GMT] ip=::1 mtd=GET url=/script/app/main.js http=1.1 rfr="http://localhost:12345/" st=200 cl=26282 - time=4.092 ms
[Tue, 19 Jan 2016 01:11:05 GMT] ip=::1 mtd=GET url=/script/app/tellMe.js http=1.1 rfr="http://localhost:12345/" st=200 cl=1010 - time=3.672 ms
[Tue, 19 Jan 2016 01:11:05 GMT] ip=::1 mtd=GET url=/images/logo/exp-logo.svg http=1.1 rfr="http://localhost:12345/" st=200 cl=6288 - time=1.987 ms
[Tue, 19 Jan 2016 01:11:05 GMT] ip=::1 mtd=GET url=/images/portfolio/nyc.jpg http=1.1 rfr="http://localhost:12345/" st=200 cl=638176 - time=3.465 ms
[Tue, 19 Jan 2016 01:11:05 GMT] ip=::1 mtd=GET url=/images/portfolio/maui.jpg http=1.1 rfr="http://localhost:12345/" st=200 cl=927165 - time=3.760 ms
[Tue, 19 Jan 2016 01:11:05 GMT] ip=::1 mtd=GET url=/images/portfolio/miami.jpg http=1.1 rfr="http://localhost:12345/" st=200 cl=1009315 - time=5.412 ms
[Tue, 19 Jan 2016 01:11:05 GMT] ip=::1 mtd=GET url=/stylesheets/bootstrap/bootstrap.min.css.map http=1.1 rfr="-" st=304 cl=- - time=2.311 ms
[Tue, 19 Jan 2016 01:11:05 GMT] ip=::1 mtd=GET url=/images/portfolio/chicago.jpg http=1.1 rfr="http://localhost:12345/" st=200 cl=857198 - time=3.051 ms
[Tue, 19 Jan 2016 01:11:05 GMT] ip=::1 mtd=GET url=/images/portfolio/dc.jpg http=1.1 rfr="http://localhost:12345/" st=200 cl=98480 - time=0.788 ms
[Tue, 19 Jan 2016 01:11:05 GMT] ip=::1 mtd=GET url=/images/portfolio/disney.jpg http=1.1 rfr="http://localhost:12345/" st=200 cl=320686 - time=1.389 ms
[Tue, 19 Jan 2016 01:11:05 GMT] ip=::1 mtd=GET url=/images/portfolio/las-vegas.jpg http=1.1 rfr="http://localhost:12345/" st=200 cl=224171 - time=2.922 ms
[Tue, 19 Jan 2016 01:11:05 GMT] ip=::1 mtd=GET url=/images/portfolio/hollywood.jpg http=1.1 rfr="http://localhost:12345/" st=200 cl=366792 - time=1.828 ms
[Tue, 19 Jan 2016 01:11:05 GMT] ip=::1 mtd=GET url=/images/portfolio/sandy.jpg http=1.1 rfr="http://localhost:12345/" st=200 cl=603424 - time=2.526 ms
[Tue, 19 Jan 2016 01:11:05 GMT] ip=::1 mtd=GET url=/images/portfolio/mardi.jpg http=1.1 rfr="http://localhost:12345/" st=200 cl=408831 - time=5.957 ms
[Tue, 19 Jan 2016 01:11:05 GMT] ip=::1 mtd=GET url=/images/portfolio/sf.jpg http=1.1 rfr="http://localhost:12345/" st=200 cl=1121808 - time=6.610 ms
[Tue, 19 Jan 2016 01:11:05 GMT] ip=::1 mtd=GET url=/fonts/opensans-regular-webfont.woff http=1.1 rfr="http://localhost:12345/stylesheets/plugins/fonts.css" st=200 cl=24736 - time=4.689 ms
[Tue, 19 Jan 2016 01:11:05 GMT] ip=::1 mtd=GET url=/images/portfolio/seattle.jpg http=1.1 rfr="http://localhost:12345/" st=200 cl=814226 - time=90.985 ms
[Tue, 19 Jan 2016 01:11:05 GMT] ip=::1 mtd=GET url=/images/portfolio/oc.jpg http=1.1 rfr="http://localhost:12345/" st=200 cl=66958 - time=8.114 ms
[Tue, 19 Jan 2016 01:11:05 GMT] ip=::1 mtd=GET url=/images/portfolio/boston.jpg http=1.1 rfr="http://localhost:12345/" st=200 cl=177272 - time=10.086 ms
[Tue, 19 Jan 2016 01:11:05 GMT] ip=::1 mtd=GET url=/fonts/lato-bol-webfont.woff http=1.1 rfr="http://localhost:12345/stylesheets/plugins/fonts.css" st=200 cl=32392 - time=5.459 ms
[Tue, 19 Jan 2016 01:11:05 GMT] ip=::1 mtd=GET url=/images/portfolio/bbq.jpg http=1.1 rfr="http://localhost:12345/" st=200 cl=397433 - time=12.871 ms
[Tue, 19 Jan 2016 01:11:05 GMT] ip=::1 mtd=GET url=/fonts/lato-lig-webfont.woff http=1.1 rfr="http://localhost:12345/stylesheets/plugins/fonts.css" st=200 cl=31020 - time=3.858 ms
[Tue, 19 Jan 2016 01:11:05 GMT] ip=::1 mtd=GET url=/images/portfolio/florida_keys.jpg http=1.1 rfr="http://localhost:12345/" st=200 cl=419006 - time=12.276 ms
[Tue, 19 Jan 2016 01:11:05 GMT] ip=::1 mtd=GET url=/images/portfolio/las-vegas.jpg http=1.1 rfr="http://localhost:12345/" st=200 cl=224171 - time=1.438 ms
[Tue, 19 Jan 2016 01:11:05 GMT] ip=::1 mtd=GET url=/images/portfolio/hollywood.jpg http=1.1 rfr="http://localhost:12345/" st=200 cl=366792 - time=4.637 ms
[Tue, 19 Jan 2016 01:11:05 GMT] ip=::1 mtd=GET url=/images/portfolio/sandy.jpg http=1.1 rfr="http://localhost:12345/" st=200 cl=603424 - time=5.017 ms
[Tue, 19 Jan 2016 01:11:05 GMT] ip=::1 mtd=GET url=/images/portfolio/maui.jpg http=1.1 rfr="http://localhost:12345/" st=200 cl=927165 - time=32.130 ms
[Tue, 19 Jan 2016 01:11:05 GMT] ip=::1 mtd=GET url=/images/portfolio/sf.jpg http=1.1 rfr="http://localhost:12345/" st=200 cl=1121808 - time=21.472 ms
[Tue, 19 Jan 2016 01:11:05 GMT] ip=::1 mtd=GET url=/images/portfolio/chicago.jpg http=1.1 rfr="http://localhost:12345/" st=200 cl=857198 - time=18.642 ms
[Tue, 19 Jan 2016 01:11:05 GMT] ip=::1 mtd=GET url=/images/portfolio/disney.jpg http=1.1 rfr="http://localhost:12345/" st=200 cl=320686 - time=3.990 ms
[Tue, 19 Jan 2016 01:11:05 GMT] ip=::1 mtd=GET url=/images/portfolio/mardi.jpg http=1.1 rfr="http://localhost:12345/" st=200 cl=408831 - time=2.268 ms
[Tue, 19 Jan 2016 01:11:05 GMT] ip=::1 mtd=GET url=/images/generic/tick_on.png http=1.1 rfr="http://localhost:12345/stylesheets/custom/custom-main.css" st=200 cl=684 - time=1.840 ms
[Tue, 19 Jan 2016 01:11:05 GMT] ip=::1 mtd=GET url=/images/portfolio/miami.jpg http=1.1 rfr="http://localhost:12345/" st=200 cl=1009315 - time=8.846 ms
[Tue, 19 Jan 2016 01:11:19 GMT] ip=::1 mtd=GET url=/mymongo?regionId=180073&regionidsToTlas=OGG&departDate=2016-01-15&los=7 http=1.1 rfr="http://localhost:12345/" st=200 cl=2200 - time=2220.685 ms
[Tue, 19 Jan 2016 01:11:20 GMT] ip=::1 mtd=GET url=/mymongo?regionId=178286&regionidsToTlas=MIA&departDate=2016-01-15&los=7 http=1.1 rfr="http://localhost:12345/" st=200 cl=709 - time=2836.617 ms
[Tue, 19 Jan 2016 01:11:29 GMT] ip=::1 mtd=GET url=/ http=1.1 rfr="-" st=200 cl=19271 - time=11.541 ms
[Tue, 19 Jan 2016 01:11:29 GMT] ip=::1 mtd=GET url=/stylesheets/reset.css http=1.1 rfr="http://localhost:12345/" st=200 cl=1134 - time=5.437 ms
[Tue, 19 Jan 2016 01:11:29 GMT] ip=::1 mtd=GET url=/script/libs/jQRangeSlider-5.7.1/css/classic.css http=1.1 rfr="http://localhost:12345/" st=200 cl=1763 - time=4.697 ms
[Tue, 19 Jan 2016 01:11:29 GMT] ip=::1 mtd=GET url=/stylesheets/custom/custom-main.css http=1.1 rfr="http://localhost:12345/" st=200 cl=16104 - time=4.231 ms
[Tue, 19 Jan 2016 01:11:29 GMT] ip=::1 mtd=GET url=/stylesheets/custom/custom-responsive.css http=1.1 rfr="http://localhost:12345/" st=200 cl=3538 - time=4.041 ms
[Tue, 19 Jan 2016 01:11:29 GMT] ip=::1 mtd=GET url=/stylesheets/plugins/fonts.css http=1.1 rfr="http://localhost:12345/" st=200 cl=11731 - time=3.952 ms
[Tue, 19 Jan 2016 01:11:29 GMT] ip=::1 mtd=GET url=/stylesheets/bootstrap/bootstrap.min.css http=1.1 rfr="http://localhost:12345/" st=200 cl=121260 - time=4.887 ms
[Tue, 19 Jan 2016 01:11:29 GMT] ip=::1 mtd=GET url=/stylesheets/plugins/font-awesome.min.css http=1.1 rfr="http://localhost:12345/" st=200 cl=21984 - time=0.924 ms
[Tue, 19 Jan 2016 01:11:29 GMT] ip=::1 mtd=GET url=/script/libs/jQRangeSlider-5.7.1/lib/jquery.mousewheel.min.js http=1.1 rfr="http://localhost:12345/" st=200 cl=1392 - time=5.402 ms
[Tue, 19 Jan 2016 01:11:29 GMT] ip=::1 mtd=GET url=/stylesheets/plugins/animate.css http=1.1 rfr="http://localhost:12345/" st=200 cl=68760 - time=6.376 ms
[Tue, 19 Jan 2016 01:11:29 GMT] ip=::1 mtd=GET url=/script/libs/jQRangeSlider-5.7.1/jQDateRangeSlider-withRuler-min.js http=1.1 rfr="http://localhost:12345/" st=200 cl=48126 - time=5.215 ms
[Tue, 19 Jan 2016 01:11:29 GMT] ip=::1 mtd=GET url=/script/libs/queryloader2.min.js http=1.1 rfr="http://localhost:12345/" st=200 cl=11563 - time=4.718 ms
[Tue, 19 Jan 2016 01:11:29 GMT] ip=::1 mtd=GET url=/script/libs/modernizr.js http=1.1 rfr="http://localhost:12345/" st=200 cl=9946 - time=4.300 ms
[Tue, 19 Jan 2016 01:11:29 GMT] ip=::1 mtd=GET url=/script/plugins/plugins.js http=1.1 rfr="http://localhost:12345/" st=200 cl=163129 - time=5.632 ms
[Tue, 19 Jan 2016 01:11:29 GMT] ip=::1 mtd=GET url=/script/app/main.js http=1.1 rfr="http://localhost:12345/" st=200 cl=26282 - time=2.691 ms
[Tue, 19 Jan 2016 01:11:29 GMT] ip=::1 mtd=GET url=/script/app/tellMe.js http=1.1 rfr="http://localhost:12345/" st=200 cl=1010 - time=3.441 ms
[Tue, 19 Jan 2016 01:11:29 GMT] ip=::1 mtd=GET url=/images/logo/exp-logo.svg http=1.1 rfr="http://localhost:12345/" st=200 cl=6288 - time=4.195 ms
[Tue, 19 Jan 2016 01:11:29 GMT] ip=::1 mtd=GET url=/images/portfolio/nyc.jpg http=1.1 rfr="http://localhost:12345/" st=200 cl=638176 - time=3.236 ms
[Tue, 19 Jan 2016 01:11:29 GMT] ip=::1 mtd=GET url=/images/portfolio/maui.jpg http=1.1 rfr="http://localhost:12345/" st=200 cl=927165 - time=4.760 ms
[Tue, 19 Jan 2016 01:11:29 GMT] ip=::1 mtd=GET url=/images/portfolio/miami.jpg http=1.1 rfr="http://localhost:12345/" st=200 cl=1009315 - time=7.926 ms
[Tue, 19 Jan 2016 01:11:29 GMT] ip=::1 mtd=GET url=/images/portfolio/chicago.jpg http=1.1 rfr="http://localhost:12345/" st=200 cl=857198 - time=3.076 ms
[Tue, 19 Jan 2016 01:11:29 GMT] ip=::1 mtd=GET url=/images/portfolio/dc.jpg http=1.1 rfr="http://localhost:12345/" st=200 cl=98480 - time=4.679 ms
[Tue, 19 Jan 2016 01:11:29 GMT] ip=::1 mtd=GET url=/images/portfolio/las-vegas.jpg http=1.1 rfr="http://localhost:12345/" st=200 cl=224171 - time=6.052 ms
[Tue, 19 Jan 2016 01:11:29 GMT] ip=::1 mtd=GET url=/images/portfolio/disney.jpg http=1.1 rfr="http://localhost:12345/" st=200 cl=320686 - time=6.943 ms
[Tue, 19 Jan 2016 01:11:29 GMT] ip=::1 mtd=GET url=/images/portfolio/hollywood.jpg http=1.1 rfr="http://localhost:12345/" st=200 cl=366792 - time=6.528 ms
[Tue, 19 Jan 2016 01:11:29 GMT] ip=::1 mtd=GET url=/images/portfolio/sandy.jpg http=1.1 rfr="http://localhost:12345/" st=200 cl=603424 - time=5.887 ms
[Tue, 19 Jan 2016 01:11:29 GMT] ip=::1 mtd=GET url=/stylesheets/bootstrap/bootstrap.min.css.map http=1.1 rfr="-" st=304 cl=- - time=1.765 ms
[Tue, 19 Jan 2016 01:11:29 GMT] ip=::1 mtd=GET url=/images/portfolio/mardi.jpg http=1.1 rfr="http://localhost:12345/" st=200 cl=408831 - time=3.198 ms
[Tue, 19 Jan 2016 01:11:29 GMT] ip=::1 mtd=GET url=/images/portfolio/oc.jpg http=1.1 rfr="http://localhost:12345/" st=200 cl=66958 - time=4.133 ms
[Tue, 19 Jan 2016 01:11:29 GMT] ip=::1 mtd=GET url=/images/portfolio/boston.jpg http=1.1 rfr="http://localhost:12345/" st=200 cl=177272 - time=4.864 ms
[Tue, 19 Jan 2016 01:11:29 GMT] ip=::1 mtd=GET url=/images/portfolio/bbq.jpg http=1.1 rfr="http://localhost:12345/" st=200 cl=397433 - time=6.339 ms
[Tue, 19 Jan 2016 01:11:29 GMT] ip=::1 mtd=GET url=/images/portfolio/florida_keys.jpg http=1.1 rfr="http://localhost:12345/" st=200 cl=419006 - time=6.870 ms
[Tue, 19 Jan 2016 01:11:29 GMT] ip=::1 mtd=GET url=/images/portfolio/seattle.jpg http=1.1 rfr="http://localhost:12345/" st=200 cl=814226 - time=14.801 ms
[Tue, 19 Jan 2016 01:11:29 GMT] ip=::1 mtd=GET url=/fonts/opensans-regular-webfont.woff http=1.1 rfr="http://localhost:12345/stylesheets/plugins/fonts.css" st=200 cl=24736 - time=0.938 ms
[Tue, 19 Jan 2016 01:11:29 GMT] ip=::1 mtd=GET url=/images/portfolio/dc.jpg http=1.1 rfr="http://localhost:12345/" st=200 cl=98480 - time=2.947 ms
[Tue, 19 Jan 2016 01:11:29 GMT] ip=::1 mtd=GET url=/images/portfolio/sf.jpg http=1.1 rfr="http://localhost:12345/" st=200 cl=1121808 - time=100.418 ms
[Tue, 19 Jan 2016 01:11:29 GMT] ip=::1 mtd=GET url=/fonts/lato-bol-webfont.woff http=1.1 rfr="http://localhost:12345/stylesheets/plugins/fonts.css" st=200 cl=32392 - time=2.208 ms
[Tue, 19 Jan 2016 01:11:29 GMT] ip=::1 mtd=GET url=/fonts/lato-lig-webfont.woff http=1.1 rfr="http://localhost:12345/stylesheets/plugins/fonts.css" st=200 cl=31020 - time=1.483 ms
[Tue, 19 Jan 2016 01:11:29 GMT] ip=::1 mtd=GET url=/images/portfolio/chicago.jpg http=1.1 rfr="http://localhost:12345/" st=200 cl=857198 - time=16.386 ms
[Tue, 19 Jan 2016 01:11:29 GMT] ip=::1 mtd=GET url=/images/portfolio/maui.jpg http=1.1 rfr="http://localhost:12345/" st=200 cl=927165 - time=22.325 ms
[Tue, 19 Jan 2016 01:11:29 GMT] ip=::1 mtd=GET url=/images/portfolio/miami.jpg http=1.1 rfr="http://localhost:12345/" st=200 cl=1009315 - time=23.774 ms
[Tue, 19 Jan 2016 01:11:29 GMT] ip=::1 mtd=GET url=/images/portfolio/las-vegas.jpg http=1.1 rfr="http://localhost:12345/" st=200 cl=224171 - time=5.977 ms
[Tue, 19 Jan 2016 01:11:29 GMT] ip=::1 mtd=GET url=/images/portfolio/sandy.jpg http=1.1 rfr="http://localhost:12345/" st=200 cl=603424 - time=9.827 ms
[Tue, 19 Jan 2016 01:11:29 GMT] ip=::1 mtd=GET url=/images/portfolio/mardi.jpg http=1.1 rfr="http://localhost:12345/" st=200 cl=408831 - time=3.265 ms
[Tue, 19 Jan 2016 01:11:29 GMT] ip=::1 mtd=GET url=/images/portfolio/hollywood.jpg http=1.1 rfr="http://localhost:12345/" st=200 cl=366792 - time=1.685 ms
[Tue, 19 Jan 2016 01:11:29 GMT] ip=::1 mtd=GET url=/images/portfolio/disney.jpg http=1.1 rfr="http://localhost:12345/" st=200 cl=320686 - time=2.248 ms
[Tue, 19 Jan 2016 01:11:29 GMT] ip=::1 mtd=GET url=/images/generic/tick_on.png http=1.1 rfr="http://localhost:12345/stylesheets/custom/custom-main.css" st=200 cl=684 - time=0.997 ms
[Tue, 19 Jan 2016 01:12:30 GMT] ip=::1 mtd=GET url=/ http=1.1 rfr="-" st=200 cl=19274 - time=36.545 ms
[Tue, 19 Jan 2016 01:12:30 GMT] ip=::1 mtd=GET url=/stylesheets/reset.css http=1.1 rfr="http://localhost:12345/" st=200 cl=1134 - time=12.825 ms
[Tue, 19 Jan 2016 01:12:30 GMT] ip=::1 mtd=GET url=/script/libs/jQRangeSlider-5.7.1/css/classic.css http=1.1 rfr="http://localhost:12345/" st=200 cl=1763 - time=11.763 ms
[Tue, 19 Jan 2016 01:12:30 GMT] ip=::1 mtd=GET url=/stylesheets/custom/custom-main.css http=1.1 rfr="http://localhost:12345/" st=200 cl=16104 - time=10.750 ms
[Tue, 19 Jan 2016 01:12:30 GMT] ip=::1 mtd=GET url=/stylesheets/custom/custom-responsive.css http=1.1 rfr="http://localhost:12345/" st=200 cl=3538 - time=10.298 ms
[Tue, 19 Jan 2016 01:12:30 GMT] ip=::1 mtd=GET url=/stylesheets/plugins/fonts.css http=1.1 rfr="http://localhost:12345/" st=200 cl=11731 - time=10.271 ms
[Tue, 19 Jan 2016 01:12:30 GMT] ip=::1 mtd=GET url=/stylesheets/bootstrap/bootstrap.min.css http=1.1 rfr="http://localhost:12345/" st=200 cl=121260 - time=11.863 ms
[Tue, 19 Jan 2016 01:12:30 GMT] ip=::1 mtd=GET url=/stylesheets/plugins/font-awesome.min.css http=1.1 rfr="http://localhost:12345/" st=200 cl=21984 - time=1.613 ms
[Tue, 19 Jan 2016 01:12:30 GMT] ip=::1 mtd=GET url=/script/libs/jQRangeSlider-5.7.1/lib/jquery.mousewheel.min.js http=1.1 rfr="http://localhost:12345/" st=200 cl=1392 - time=1.914 ms
[Tue, 19 Jan 2016 01:12:30 GMT] ip=::1 mtd=GET url=/stylesheets/plugins/animate.css http=1.1 rfr="http://localhost:12345/" st=200 cl=68760 - time=2.536 ms
[Tue, 19 Jan 2016 01:12:30 GMT] ip=::1 mtd=GET url=/script/libs/jQRangeSlider-5.7.1/jQDateRangeSlider-withRuler-min.js http=1.1 rfr="http://localhost:12345/" st=200 cl=48126 - time=1.796 ms
[Tue, 19 Jan 2016 01:12:30 GMT] ip=::1 mtd=GET url=/script/libs/queryloader2.min.js http=1.1 rfr="http://localhost:12345/" st=200 cl=11563 - time=1.719 ms
[Tue, 19 Jan 2016 01:12:30 GMT] ip=::1 mtd=GET url=/script/libs/modernizr.js http=1.1 rfr="http://localhost:12345/" st=200 cl=9946 - time=5.072 ms
[Tue, 19 Jan 2016 01:12:30 GMT] ip=::1 mtd=GET url=/script/plugins/plugins.js http=1.1 rfr="http://localhost:12345/" st=200 cl=163129 - time=3.314 ms
[Tue, 19 Jan 2016 01:12:30 GMT] ip=::1 mtd=GET url=/script/app/main.js http=1.1 rfr="http://localhost:12345/" st=200 cl=26282 - time=1.577 ms
[Tue, 19 Jan 2016 01:12:30 GMT] ip=::1 mtd=GET url=/script/app/tellMe.js http=1.1 rfr="http://localhost:12345/" st=200 cl=1010 - time=3.743 ms
[Tue, 19 Jan 2016 01:12:30 GMT] ip=::1 mtd=GET url=/images/logo/exp-logo.svg http=1.1 rfr="http://localhost:12345/" st=200 cl=6288 - time=1.373 ms
[Tue, 19 Jan 2016 01:12:30 GMT] ip=::1 mtd=GET url=/images/portfolio/nyc.jpg http=1.1 rfr="http://localhost:12345/" st=200 cl=638176 - time=3.304 ms
[Tue, 19 Jan 2016 01:12:30 GMT] ip=::1 mtd=GET url=/images/portfolio/dc.jpg http=1.1 rfr="http://localhost:12345/" st=200 cl=98480 - time=4.776 ms
[Tue, 19 Jan 2016 01:12:30 GMT] ip=::1 mtd=GET url=/images/portfolio/disney.jpg http=1.1 rfr="http://localhost:12345/" st=200 cl=320686 - time=5.046 ms
[Tue, 19 Jan 2016 01:12:30 GMT] ip=::1 mtd=GET url=/images/portfolio/las-vegas.jpg http=1.1 rfr="http://localhost:12345/" st=200 cl=224171 - time=3.148 ms
[Tue, 19 Jan 2016 01:12:30 GMT] ip=::1 mtd=GET url=/images/portfolio/hollywood.jpg http=1.1 rfr="http://localhost:12345/" st=200 cl=366792 - time=3.895 ms
[Tue, 19 Jan 2016 01:12:30 GMT] ip=::1 mtd=GET url=/images/portfolio/maui.jpg http=1.1 rfr="http://localhost:12345/" st=200 cl=927165 - time=29.412 ms
[Tue, 19 Jan 2016 01:12:30 GMT] ip=::1 mtd=GET url=/images/portfolio/chicago.jpg http=1.1 rfr="http://localhost:12345/" st=200 cl=857198 - time=30.375 ms
[Tue, 19 Jan 2016 01:12:30 GMT] ip=::1 mtd=GET url=/images/portfolio/miami.jpg http=1.1 rfr="http://localhost:12345/" st=200 cl=1009315 - time=31.325 ms
[Tue, 19 Jan 2016 01:12:30 GMT] ip=::1 mtd=GET url=/images/portfolio/sandy.jpg http=1.1 rfr="http://localhost:12345/" st=200 cl=603424 - time=4.787 ms
[Tue, 19 Jan 2016 01:12:30 GMT] ip=::1 mtd=GET url=/stylesheets/bootstrap/bootstrap.min.css.map http=1.1 rfr="-" st=200 cl=54416 - time=3.542 ms
[Tue, 19 Jan 2016 01:12:30 GMT] ip=::1 mtd=GET url=/images/portfolio/mardi.jpg http=1.1 rfr="http://localhost:12345/" st=200 cl=408831 - time=6.945 ms
[Tue, 19 Jan 2016 01:12:30 GMT] ip=::1 mtd=GET url=/images/portfolio/sf.jpg http=1.1 rfr="http://localhost:12345/" st=200 cl=1121808 - time=7.119 ms
[Tue, 19 Jan 2016 01:12:30 GMT] ip=::1 mtd=GET url=/images/portfolio/seattle.jpg http=1.1 rfr="http://localhost:12345/" st=200 cl=814226 - time=3.971 ms
[Tue, 19 Jan 2016 01:12:30 GMT] ip=::1 mtd=GET url=/fonts/opensans-regular-webfont.woff http=1.1 rfr="http://localhost:12345/stylesheets/plugins/fonts.css" st=200 cl=24736 - time=9.226 ms
[Tue, 19 Jan 2016 01:12:30 GMT] ip=::1 mtd=GET url=/images/portfolio/oc.jpg http=1.1 rfr="http://localhost:12345/" st=200 cl=66958 - time=3.224 ms
[Tue, 19 Jan 2016 01:12:30 GMT] ip=::1 mtd=GET url=/images/portfolio/boston.jpg http=1.1 rfr="http://localhost:12345/" st=200 cl=177272 - time=4.598 ms
[Tue, 19 Jan 2016 01:12:30 GMT] ip=::1 mtd=GET url=/images/portfolio/bbq.jpg http=1.1 rfr="http://localhost:12345/" st=200 cl=397433 - time=6.183 ms
[Tue, 19 Jan 2016 01:12:30 GMT] ip=::1 mtd=GET url=/images/portfolio/dc.jpg http=1.1 rfr="http://localhost:12345/" st=200 cl=98480 - time=2.728 ms
[Tue, 19 Jan 2016 01:12:30 GMT] ip=::1 mtd=GET url=/fonts/lato-bol-webfont.woff http=1.1 rfr="http://localhost:12345/stylesheets/plugins/fonts.css" st=200 cl=32392 - time=2.184 ms
[Tue, 19 Jan 2016 01:12:30 GMT] ip=::1 mtd=GET url=/images/portfolio/florida_keys.jpg http=1.1 rfr="http://localhost:12345/" st=200 cl=419006 - time=8.403 ms
[Tue, 19 Jan 2016 01:12:30 GMT] ip=::1 mtd=GET url=/fonts/lato-lig-webfont.woff http=1.1 rfr="http://localhost:12345/stylesheets/plugins/fonts.css" st=200 cl=31020 - time=1.264 ms
[Tue, 19 Jan 2016 01:12:30 GMT] ip=::1 mtd=GET url=/images/generic/tick_on.png http=1.1 rfr="http://localhost:12345/stylesheets/custom/custom-main.css" st=200 cl=684 - time=1.030 ms
[Tue, 19 Jan 2016 01:12:44 GMT] ip=::1 mtd=GET url=/mymongo?regionId=180073&regionidsToTlas=OGG&departDate=2016-01-14&los=6 http=1.1 rfr="http://localhost:12345/" st=200 cl=1372 - time=1275.739 ms
[Tue, 19 Jan 2016 01:12:44 GMT] ip=::1 mtd=GET url=/mymongo?regionId=178293&regionidsToTlas=JFK,EWR,LGA,JRB,ISP&departDate=2016-01-14&los=6 http=1.1 rfr="http://localhost:12345/" st=200 cl=865 - time=1283.002 ms
[Tue, 19 Jan 2016 01:12:44 GMT] ip=::1 mtd=GET url=/mymongo?regionId=178318&regionidsToTlas=BWI,IAD,DCA&departDate=2016-01-14&los=6 http=1.1 rfr="http://localhost:12345/" st=200 cl=533 - time=1285.455 ms
[Tue, 19 Jan 2016 01:12:58 GMT] ip=::1 mtd=GET url=/ http=1.1 rfr="-" st=200 cl=19274 - time=12.864 ms
[Tue, 19 Jan 2016 01:12:58 GMT] ip=::1 mtd=GET url=/stylesheets/reset.css http=1.1 rfr="http://localhost:12345/" st=200 cl=1134 - time=5.988 ms
[Tue, 19 Jan 2016 01:12:58 GMT] ip=::1 mtd=GET url=/script/libs/jQRangeSlider-5.7.1/css/classic.css http=1.1 rfr="http://localhost:12345/" st=200 cl=1763 - time=5.308 ms
[Tue, 19 Jan 2016 01:12:58 GMT] ip=::1 mtd=GET url=/stylesheets/custom/custom-main.css http=1.1 rfr="http://localhost:12345/" st=200 cl=16104 - time=4.962 ms
[Tue, 19 Jan 2016 01:12:58 GMT] ip=::1 mtd=GET url=/stylesheets/custom/custom-responsive.css http=1.1 rfr="http://localhost:12345/" st=200 cl=3538 - time=4.072 ms
[Tue, 19 Jan 2016 01:12:58 GMT] ip=::1 mtd=GET url=/stylesheets/plugins/fonts.css http=1.1 rfr="http://localhost:12345/" st=200 cl=11731 - time=4.675 ms
[Tue, 19 Jan 2016 01:12:58 GMT] ip=::1 mtd=GET url=/stylesheets/bootstrap/bootstrap.min.css http=1.1 rfr="http://localhost:12345/" st=200 cl=121260 - time=6.258 ms
[Tue, 19 Jan 2016 01:12:58 GMT] ip=::1 mtd=GET url=/stylesheets/plugins/font-awesome.min.css http=1.1 rfr="http://localhost:12345/" st=200 cl=21984 - time=3.348 ms
[Tue, 19 Jan 2016 01:12:58 GMT] ip=::1 mtd=GET url=/stylesheets/plugins/animate.css http=1.1 rfr="http://localhost:12345/" st=200 cl=68760 - time=6.298 ms
[Tue, 19 Jan 2016 01:12:58 GMT] ip=::1 mtd=GET url=/script/libs/jQRangeSlider-5.7.1/lib/jquery.mousewheel.min.js http=1.1 rfr="http://localhost:12345/" st=200 cl=1392 - time=4.973 ms
[Tue, 19 Jan 2016 01:12:58 GMT] ip=::1 mtd=GET url=/script/libs/jQRangeSlider-5.7.1/jQDateRangeSlider-withRuler-min.js http=1.1 rfr="http://localhost:12345/" st=200 cl=48126 - time=4.690 ms
[Tue, 19 Jan 2016 01:12:58 GMT] ip=::1 mtd=GET url=/script/libs/queryloader2.min.js http=1.1 rfr="http://localhost:12345/" st=200 cl=11563 - time=4.463 ms
[Tue, 19 Jan 2016 01:12:58 GMT] ip=::1 mtd=GET url=/script/libs/modernizr.js http=1.1 rfr="http://localhost:12345/" st=200 cl=9946 - time=4.294 ms
[Tue, 19 Jan 2016 01:12:59 GMT] ip=::1 mtd=GET url=/script/plugins/plugins.js http=1.1 rfr="http://localhost:12345/" st=200 cl=163129 - time=5.911 ms
[Tue, 19 Jan 2016 01:12:59 GMT] ip=::1 mtd=GET url=/script/app/main.js http=1.1 rfr="http://localhost:12345/" st=200 cl=26282 - time=3.315 ms
[Tue, 19 Jan 2016 01:12:59 GMT] ip=::1 mtd=GET url=/script/app/tellMe.js http=1.1 rfr="http://localhost:12345/" st=200 cl=1010 - time=1.750 ms
[Tue, 19 Jan 2016 01:12:59 GMT] ip=::1 mtd=GET url=/images/logo/exp-logo.svg http=1.1 rfr="http://localhost:12345/" st=200 cl=6288 - time=2.163 ms
[Tue, 19 Jan 2016 01:12:59 GMT] ip=::1 mtd=GET url=/images/portfolio/nyc.jpg http=1.1 rfr="http://localhost:12345/" st=200 cl=638176 - time=3.866 ms
[Tue, 19 Jan 2016 01:12:59 GMT] ip=::1 mtd=GET url=/images/portfolio/maui.jpg http=1.1 rfr="http://localhost:12345/" st=200 cl=927165 - time=5.784 ms
[Tue, 19 Jan 2016 01:12:59 GMT] ip=::1 mtd=GET url=/images/portfolio/dc.jpg http=1.1 rfr="http://localhost:12345/" st=200 cl=98480 - time=10.780 ms
[Tue, 19 Jan 2016 01:12:59 GMT] ip=::1 mtd=GET url=/images/portfolio/miami.jpg http=1.1 rfr="http://localhost:12345/" st=200 cl=1009315 - time=18.776 ms
[Tue, 19 Jan 2016 01:12:59 GMT] ip=::1 mtd=GET url=/images/portfolio/las-vegas.jpg http=1.1 rfr="http://localhost:12345/" st=200 cl=224171 - time=12.157 ms
[Tue, 19 Jan 2016 01:12:59 GMT] ip=::1 mtd=GET url=/images/portfolio/disney.jpg http=1.1 rfr="http://localhost:12345/" st=200 cl=320686 - time=14.009 ms
[Tue, 19 Jan 2016 01:12:59 GMT] ip=::1 mtd=GET url=/images/portfolio/hollywood.jpg http=1.1 rfr="http://localhost:12345/" st=200 cl=366792 - time=12.540 ms
[Tue, 19 Jan 2016 01:12:59 GMT] ip=::1 mtd=GET url=/images/portfolio/chicago.jpg http=1.1 rfr="http://localhost:12345/" st=200 cl=857198 - time=16.978 ms
[Tue, 19 Jan 2016 01:12:59 GMT] ip=::1 mtd=GET url=/images/portfolio/sandy.jpg http=1.1 rfr="http://localhost:12345/" st=200 cl=603424 - time=3.397 ms
[Tue, 19 Jan 2016 01:12:59 GMT] ip=::1 mtd=GET url=/images/portfolio/mardi.jpg http=1.1 rfr="http://localhost:12345/" st=200 cl=408831 - time=6.498 ms
[Tue, 19 Jan 2016 01:12:59 GMT] ip=::1 mtd=GET url=/images/portfolio/sf.jpg http=1.1 rfr="http://localhost:12345/" st=200 cl=1121808 - time=8.491 ms
[Tue, 19 Jan 2016 01:12:59 GMT] ip=::1 mtd=GET url=/images/portfolio/seattle.jpg http=1.1 rfr="http://localhost:12345/" st=200 cl=814226 - time=8.774 ms
[Tue, 19 Jan 2016 01:12:59 GMT] ip=::1 mtd=GET url=/images/portfolio/boston.jpg http=1.1 rfr="http://localhost:12345/" st=200 cl=177272 - time=2.202 ms
[Tue, 19 Jan 2016 01:12:59 GMT] ip=::1 mtd=GET url=/stylesheets/bootstrap/bootstrap.min.css.map http=1.1 rfr="-" st=304 cl=- - time=1.384 ms
[Tue, 19 Jan 2016 01:12:59 GMT] ip=::1 mtd=GET url=/images/portfolio/oc.jpg http=1.1 rfr="http://localhost:12345/" st=200 cl=66958 - time=0.842 ms
[Tue, 19 Jan 2016 01:12:59 GMT] ip=::1 mtd=GET url=/images/portfolio/bbq.jpg http=1.1 rfr="http://localhost:12345/" st=200 cl=397433 - time=2.226 ms
[Tue, 19 Jan 2016 01:12:59 GMT] ip=::1 mtd=GET url=/images/portfolio/florida_keys.jpg http=1.1 rfr="http://localhost:12345/" st=200 cl=419006 - time=2.493 ms
[Tue, 19 Jan 2016 01:12:59 GMT] ip=::1 mtd=GET url=/fonts/opensans-regular-webfont.woff http=1.1 rfr="http://localhost:12345/stylesheets/plugins/fonts.css" st=200 cl=24736 - time=1.725 ms
[Tue, 19 Jan 2016 01:12:59 GMT] ip=::1 mtd=GET url=/fonts/lato-bol-webfont.woff http=1.1 rfr="http://localhost:12345/stylesheets/plugins/fonts.css" st=200 cl=32392 - time=1.752 ms
[Tue, 19 Jan 2016 01:12:59 GMT] ip=::1 mtd=GET url=/fonts/lato-lig-webfont.woff http=1.1 rfr="http://localhost:12345/stylesheets/plugins/fonts.css" st=200 cl=31020 - time=1.571 ms
[Tue, 19 Jan 2016 01:12:59 GMT] ip=::1 mtd=GET url=/images/generic/tick_on.png http=1.1 rfr="http://localhost:12345/stylesheets/custom/custom-main.css" st=200 cl=684 - time=1.430 ms
[Tue, 19 Jan 2016 01:12:59 GMT] ip=::1 mtd=GET url=/images/portfolio/maui.jpg http=1.1 rfr="http://localhost:12345/" st=200 cl=927165 - time=26.163 ms
[Tue, 19 Jan 2016 01:13:15 GMT] ip=::1 mtd=GET url=/mymongo?regionId=180073&regionidsToTlas=OGG&departDate=2016-01-08&los=13 http=1.1 rfr="http://localhost:12345/" st=200 cl=377 - time=5453.826 ms
[Tue, 19 Jan 2016 01:13:16 GMT] ip=::1 mtd=GET url=/mymongo?regionId=178286&regionidsToTlas=MIA&departDate=2016-01-08&los=13 http=1.1 rfr="http://localhost:12345/" st=200 cl=294 - time=6745.337 ms
[Tue, 19 Jan 2016 01:14:36 GMT] ip=::1 mtd=GET url=/ http=1.1 rfr="-" st=200 cl=19274 - time=37.516 ms
[Tue, 19 Jan 2016 01:14:36 GMT] ip=::1 mtd=GET url=/stylesheets/reset.css http=1.1 rfr="http://localhost:12345/" st=200 cl=1134 - time=9.298 ms
[Tue, 19 Jan 2016 01:14:36 GMT] ip=::1 mtd=GET url=/script/libs/jQRangeSlider-5.7.1/css/classic.css http=1.1 rfr="http://localhost:12345/" st=200 cl=1763 - time=8.616 ms
[Tue, 19 Jan 2016 01:14:36 GMT] ip=::1 mtd=GET url=/stylesheets/custom/custom-main.css http=1.1 rfr="http://localhost:12345/" st=200 cl=16104 - time=5.762 ms
[Tue, 19 Jan 2016 01:14:36 GMT] ip=::1 mtd=GET url=/stylesheets/custom/custom-responsive.css http=1.1 rfr="http://localhost:12345/" st=200 cl=3538 - time=5.978 ms
[Tue, 19 Jan 2016 01:14:36 GMT] ip=::1 mtd=GET url=/stylesheets/plugins/fonts.css http=1.1 rfr="http://localhost:12345/" st=200 cl=11731 - time=5.786 ms
[Tue, 19 Jan 2016 01:14:36 GMT] ip=::1 mtd=GET url=/stylesheets/bootstrap/bootstrap.min.css http=1.1 rfr="http://localhost:12345/" st=200 cl=121260 - time=9.500 ms
[Tue, 19 Jan 2016 01:14:36 GMT] ip=::1 mtd=GET url=/stylesheets/plugins/font-awesome.min.css http=1.1 rfr="http://localhost:12345/" st=200 cl=21984 - time=1.905 ms
[Tue, 19 Jan 2016 01:14:36 GMT] ip=::1 mtd=GET url=/stylesheets/plugins/animate.css http=1.1 rfr="http://localhost:12345/" st=200 cl=68760 - time=1.046 ms
[Tue, 19 Jan 2016 01:14:36 GMT] ip=::1 mtd=GET url=/script/libs/jQRangeSlider-5.7.1/lib/jquery.mousewheel.min.js http=1.1 rfr="http://localhost:12345/" st=200 cl=1392 - time=6.490 ms
[Tue, 19 Jan 2016 01:14:36 GMT] ip=::1 mtd=GET url=/script/libs/jQRangeSlider-5.7.1/jQDateRangeSlider-withRuler-min.js http=1.1 rfr="http://localhost:12345/" st=200 cl=48126 - time=6.005 ms
[Tue, 19 Jan 2016 01:14:36 GMT] ip=::1 mtd=GET url=/script/libs/queryloader2.min.js http=1.1 rfr="http://localhost:12345/" st=200 cl=11563 - time=5.963 ms
[Tue, 19 Jan 2016 01:14:36 GMT] ip=::1 mtd=GET url=/script/libs/modernizr.js http=1.1 rfr="http://localhost:12345/" st=200 cl=9946 - time=5.124 ms
[Tue, 19 Jan 2016 01:14:36 GMT] ip=::1 mtd=GET url=/script/app/main.js http=1.1 rfr="http://localhost:12345/" st=200 cl=26282 - time=4.075 ms
[Tue, 19 Jan 2016 01:14:36 GMT] ip=::1 mtd=GET url=/script/plugins/plugins.js http=1.1 rfr="http://localhost:12345/" st=200 cl=163129 - time=5.548 ms
[Tue, 19 Jan 2016 01:14:36 GMT] ip=::1 mtd=GET url=/script/app/tellMe.js http=1.1 rfr="http://localhost:12345/" st=200 cl=1010 - time=2.138 ms
[Tue, 19 Jan 2016 01:14:36 GMT] ip=::1 mtd=GET url=/images/logo/exp-logo.svg http=1.1 rfr="http://localhost:12345/" st=200 cl=6288 - time=0.766 ms
[Tue, 19 Jan 2016 01:14:36 GMT] ip=::1 mtd=GET url=/images/portfolio/nyc.jpg http=1.1 rfr="http://localhost:12345/" st=200 cl=638176 - time=2.858 ms
[Tue, 19 Jan 2016 01:14:36 GMT] ip=::1 mtd=GET url=/images/portfolio/maui.jpg http=1.1 rfr="http://localhost:12345/" st=200 cl=927165 - time=5.049 ms
[Tue, 19 Jan 2016 01:14:36 GMT] ip=::1 mtd=GET url=/images/portfolio/miami.jpg http=1.1 rfr="http://localhost:12345/" st=200 cl=1009315 - time=4.017 ms
[Tue, 19 Jan 2016 01:14:36 GMT] ip=::1 mtd=GET url=/images/portfolio/chicago.jpg http=1.1 rfr="http://localhost:12345/" st=200 cl=857198 - time=2.914 ms
[Tue, 19 Jan 2016 01:14:36 GMT] ip=::1 mtd=GET url=/images/portfolio/dc.jpg http=1.1 rfr="http://localhost:12345/" st=200 cl=98480 - time=1.226 ms
[Tue, 19 Jan 2016 01:14:36 GMT] ip=::1 mtd=GET url=/stylesheets/bootstrap/bootstrap.min.css.map http=1.1 rfr="-" st=304 cl=- - time=2.242 ms
[Tue, 19 Jan 2016 01:14:36 GMT] ip=::1 mtd=GET url=/images/portfolio/disney.jpg http=1.1 rfr="http://localhost:12345/" st=200 cl=320686 - time=4.127 ms
[Tue, 19 Jan 2016 01:14:36 GMT] ip=::1 mtd=GET url=/images/portfolio/las-vegas.jpg http=1.1 rfr="http://localhost:12345/" st=200 cl=224171 - time=1.913 ms
[Tue, 19 Jan 2016 01:14:36 GMT] ip=::1 mtd=GET url=/images/portfolio/hollywood.jpg http=1.1 rfr="http://localhost:12345/" st=200 cl=366792 - time=2.965 ms
[Tue, 19 Jan 2016 01:14:36 GMT] ip=::1 mtd=GET url=/images/portfolio/sandy.jpg http=1.1 rfr="http://localhost:12345/" st=200 cl=603424 - time=2.684 ms
[Tue, 19 Jan 2016 01:14:36 GMT] ip=::1 mtd=GET url=/images/portfolio/mardi.jpg http=1.1 rfr="http://localhost:12345/" st=200 cl=408831 - time=4.773 ms
[Tue, 19 Jan 2016 01:14:36 GMT] ip=::1 mtd=GET url=/images/portfolio/sf.jpg http=1.1 rfr="http://localhost:12345/" st=200 cl=1121808 - time=5.668 ms
[Tue, 19 Jan 2016 01:14:36 GMT] ip=::1 mtd=GET url=/images/portfolio/seattle.jpg http=1.1 rfr="http://localhost:12345/" st=200 cl=814226 - time=5.154 ms
[Tue, 19 Jan 2016 01:14:36 GMT] ip=::1 mtd=GET url=/images/portfolio/oc.jpg http=1.1 rfr="http://localhost:12345/" st=200 cl=66958 - time=4.642 ms
[Tue, 19 Jan 2016 01:14:36 GMT] ip=::1 mtd=GET url=/images/portfolio/boston.jpg http=1.1 rfr="http://localhost:12345/" st=200 cl=177272 - time=9.354 ms
[Tue, 19 Jan 2016 01:14:36 GMT] ip=::1 mtd=GET url=/images/portfolio/bbq.jpg http=1.1 rfr="http://localhost:12345/" st=200 cl=397433 - time=9.444 ms
[Tue, 19 Jan 2016 01:14:36 GMT] ip=::1 mtd=GET url=/images/portfolio/florida_keys.jpg http=1.1 rfr="http://localhost:12345/" st=200 cl=419006 - time=9.474 ms
[Tue, 19 Jan 2016 01:14:36 GMT] ip=::1 mtd=GET url=/fonts/opensans-regular-webfont.woff http=1.1 rfr="http://localhost:12345/stylesheets/plugins/fonts.css" st=200 cl=24736 - time=1.660 ms
[Tue, 19 Jan 2016 01:14:36 GMT] ip=::1 mtd=GET url=/images/portfolio/dc.jpg http=1.1 rfr="http://localhost:12345/" st=200 cl=98480 - time=4.881 ms
[Tue, 19 Jan 2016 01:14:36 GMT] ip=::1 mtd=GET url=/images/portfolio/las-vegas.jpg http=1.1 rfr="http://localhost:12345/" st=200 cl=224171 - time=4.330 ms
[Tue, 19 Jan 2016 01:14:36 GMT] ip=::1 mtd=GET url=/images/portfolio/disney.jpg http=1.1 rfr="http://localhost:12345/" st=200 cl=320686 - time=6.437 ms
[Tue, 19 Jan 2016 01:14:36 GMT] ip=::1 mtd=GET url=/fonts/lato-bol-webfont.woff http=1.1 rfr="http://localhost:12345/stylesheets/plugins/fonts.css" st=200 cl=32392 - time=1.331 ms
[Tue, 19 Jan 2016 01:14:36 GMT] ip=::1 mtd=GET url=/fonts/lato-lig-webfont.woff http=1.1 rfr="http://localhost:12345/stylesheets/plugins/fonts.css" st=200 cl=31020 - time=1.797 ms
[Tue, 19 Jan 2016 01:14:36 GMT] ip=::1 mtd=GET url=/images/portfolio/maui.jpg http=1.1 rfr="http://localhost:12345/" st=200 cl=927165 - time=23.045 ms
[Tue, 19 Jan 2016 01:14:36 GMT] ip=::1 mtd=GET url=/images/portfolio/miami.jpg http=1.1 rfr="http://localhost:12345/" st=200 cl=1009315 - time=22.313 ms
[Tue, 19 Jan 2016 01:14:36 GMT] ip=::1 mtd=GET url=/images/portfolio/boston.jpg http=1.1 rfr="http://localhost:12345/" st=200 cl=177272 - time=1.833 ms
[Tue, 19 Jan 2016 01:14:36 GMT] ip=::1 mtd=GET url=/images/portfolio/chicago.jpg http=1.1 rfr="http://localhost:12345/" st=200 cl=857198 - time=27.507 ms
[Tue, 19 Jan 2016 01:14:36 GMT] ip=::1 mtd=GET url=/images/portfolio/sandy.jpg http=1.1 rfr="http://localhost:12345/" st=200 cl=603424 - time=3.796 ms
[Tue, 19 Jan 2016 01:14:36 GMT] ip=::1 mtd=GET url=/images/portfolio/oc.jpg http=1.1 rfr="http://localhost:12345/" st=200 cl=66958 - time=2.104 ms
[Tue, 19 Jan 2016 01:14:36 GMT] ip=::1 mtd=GET url=/images/portfolio/sf.jpg http=1.1 rfr="http://localhost:12345/" st=200 cl=1121808 - time=12.209 ms
[Tue, 19 Jan 2016 01:14:36 GMT] ip=::1 mtd=GET url=/images/portfolio/hollywood.jpg http=1.1 rfr="http://localhost:12345/" st=200 cl=366792 - time=3.343 ms
[Tue, 19 Jan 2016 01:14:36 GMT] ip=::1 mtd=GET url=/images/portfolio/mardi.jpg http=1.1 rfr="http://localhost:12345/" st=200 cl=408831 - time=3.055 ms
[Tue, 19 Jan 2016 01:14:36 GMT] ip=::1 mtd=GET url=/images/generic/tick_on.png http=1.1 rfr="http://localhost:12345/stylesheets/custom/custom-main.css" st=200 cl=684 - time=3.476 ms
[Tue, 19 Jan 2016 01:14:36 GMT] ip=::1 mtd=GET url=/images/portfolio/seattle.jpg http=1.1 rfr="http://localhost:12345/" st=200 cl=814226 - time=74.648 ms
[Tue, 19 Jan 2016 01:14:50 GMT] ip=::1 mtd=GET url=/mymongo?regionId=178293&regionidsToTlas=JFK,EWR,LGA,JRB,ISP&departDate=2016-01-07&los=5 http=1.1 rfr="http://localhost:12345/" st=200 cl=1349 - time=1375.560 ms
[Tue, 19 Jan 2016 01:14:50 GMT] ip=::1 mtd=GET url=/mymongo?regionId=178286&regionidsToTlas=MIA&departDate=2016-01-07&los=5 http=1.1 rfr="http://localhost:12345/" st=200 cl=1286 - time=1381.437 ms
[Tue, 19 Jan 2016 01:14:50 GMT] ip=::1 mtd=GET url=/mymongo?regionId=178318&regionidsToTlas=BWI,IAD,DCA&departDate=2016-01-07&los=5 http=1.1 rfr="http://localhost:12345/" st=200 cl=531 - time=1482.550 ms
[Tue, 19 Jan 2016 01:16:02 GMT] ip=::1 mtd=GET url=/ http=1.1 rfr="-" st=200 cl=19274 - time=38.618 ms
[Tue, 19 Jan 2016 01:16:02 GMT] ip=::1 mtd=GET url=/stylesheets/reset.css http=1.1 rfr="http://localhost:12345/" st=200 cl=1134 - time=12.163 ms
[Tue, 19 Jan 2016 01:16:02 GMT] ip=::1 mtd=GET url=/script/libs/jQRangeSlider-5.7.1/css/classic.css http=1.1 rfr="http://localhost:12345/" st=200 cl=1763 - time=11.941 ms
[Tue, 19 Jan 2016 01:16:02 GMT] ip=::1 mtd=GET url=/stylesheets/bootstrap/bootstrap.min.css http=1.1 rfr="http://localhost:12345/" st=200 cl=121260 - time=12.217 ms
[Tue, 19 Jan 2016 01:16:02 GMT] ip=::1 mtd=GET url=/stylesheets/custom/custom-main.css http=1.1 rfr="http://localhost:12345/" st=200 cl=16104 - time=8.237 ms
[Tue, 19 Jan 2016 01:16:02 GMT] ip=::1 mtd=GET url=/stylesheets/custom/custom-responsive.css http=1.1 rfr="http://localhost:12345/" st=200 cl=3538 - time=7.835 ms
[Tue, 19 Jan 2016 01:16:02 GMT] ip=::1 mtd=GET url=/stylesheets/plugins/fonts.css http=1.1 rfr="http://localhost:12345/" st=200 cl=11731 - time=8.027 ms
[Tue, 19 Jan 2016 01:16:02 GMT] ip=::1 mtd=GET url=/stylesheets/plugins/font-awesome.min.css http=1.1 rfr="http://localhost:12345/" st=200 cl=21984 - time=2.013 ms
[Tue, 19 Jan 2016 01:16:02 GMT] ip=::1 mtd=GET url=/stylesheets/plugins/animate.css http=1.1 rfr="http://localhost:12345/" st=200 cl=68760 - time=1.181 ms
[Tue, 19 Jan 2016 01:16:02 GMT] ip=::1 mtd=GET url=/script/libs/jQRangeSlider-5.7.1/lib/jquery.mousewheel.min.js http=1.1 rfr="http://localhost:12345/" st=200 cl=1392 - time=0.815 ms
[Tue, 19 Jan 2016 01:16:02 GMT] ip=::1 mtd=GET url=/script/libs/jQRangeSlider-5.7.1/jQDateRangeSlider-withRuler-min.js http=1.1 rfr="http://localhost:12345/" st=200 cl=48126 - time=4.222 ms
[Tue, 19 Jan 2016 01:16:02 GMT] ip=::1 mtd=GET url=/script/libs/queryloader2.min.js http=1.1 rfr="http://localhost:12345/" st=200 cl=11563 - time=4.080 ms
[Tue, 19 Jan 2016 01:16:02 GMT] ip=::1 mtd=GET url=/script/libs/modernizr.js http=1.1 rfr="http://localhost:12345/" st=200 cl=9946 - time=4.603 ms
[Tue, 19 Jan 2016 01:16:02 GMT] ip=::1 mtd=GET url=/script/plugins/plugins.js http=1.1 rfr="http://localhost:12345/" st=200 cl=163129 - time=8.164 ms
[Tue, 19 Jan 2016 01:16:02 GMT] ip=::1 mtd=GET url=/script/app/main.js http=1.1 rfr="http://localhost:12345/" st=200 cl=26282 - time=8.675 ms
[Tue, 19 Jan 2016 01:16:02 GMT] ip=::1 mtd=GET url=/script/app/tellMe.js http=1.1 rfr="http://localhost:12345/" st=200 cl=1010 - time=7.178 ms
[Tue, 19 Jan 2016 01:16:02 GMT] ip=::1 mtd=GET url=/images/logo/exp-logo.svg http=1.1 rfr="http://localhost:12345/" st=200 cl=6288 - time=3.675 ms
[Tue, 19 Jan 2016 01:16:02 GMT] ip=::1 mtd=GET url=/images/portfolio/nyc.jpg http=1.1 rfr="http://localhost:12345/" st=200 cl=638176 - time=3.326 ms
[Tue, 19 Jan 2016 01:16:02 GMT] ip=::1 mtd=GET url=/images/portfolio/dc.jpg http=1.1 rfr="http://localhost:12345/" st=200 cl=98480 - time=5.060 ms
[Tue, 19 Jan 2016 01:16:02 GMT] ip=::1 mtd=GET url=/images/portfolio/disney.jpg http=1.1 rfr="http://localhost:12345/" st=200 cl=320686 - time=5.271 ms
[Tue, 19 Jan 2016 01:16:02 GMT] ip=::1 mtd=GET url=/images/portfolio/las-vegas.jpg http=1.1 rfr="http://localhost:12345/" st=200 cl=224171 - time=3.542 ms
[Tue, 19 Jan 2016 01:16:02 GMT] ip=::1 mtd=GET url=/images/portfolio/miami.jpg http=1.1 rfr="http://localhost:12345/" st=200 cl=1009315 - time=19.479 ms
[Tue, 19 Jan 2016 01:16:02 GMT] ip=::1 mtd=GET url=/images/portfolio/chicago.jpg http=1.1 rfr="http://localhost:12345/" st=200 cl=857198 - time=19.177 ms
[Tue, 19 Jan 2016 01:16:02 GMT] ip=::1 mtd=GET url=/images/portfolio/maui.jpg http=1.1 rfr="http://localhost:12345/" st=200 cl=927165 - time=21.416 ms
[Tue, 19 Jan 2016 01:16:02 GMT] ip=::1 mtd=GET url=/images/portfolio/hollywood.jpg http=1.1 rfr="http://localhost:12345/" st=200 cl=366792 - time=4.197 ms
[Tue, 19 Jan 2016 01:16:02 GMT] ip=::1 mtd=GET url=/images/portfolio/sandy.jpg http=1.1 rfr="http://localhost:12345/" st=200 cl=603424 - time=3.703 ms
[Tue, 19 Jan 2016 01:16:02 GMT] ip=::1 mtd=GET url=/images/portfolio/mardi.jpg http=1.1 rfr="http://localhost:12345/" st=200 cl=408831 - time=13.719 ms
[Tue, 19 Jan 2016 01:16:02 GMT] ip=::1 mtd=GET url=/images/portfolio/boston.jpg http=1.1 rfr="http://localhost:12345/" st=200 cl=177272 - time=4.924 ms
[Tue, 19 Jan 2016 01:16:02 GMT] ip=::1 mtd=GET url=/images/portfolio/oc.jpg http=1.1 rfr="http://localhost:12345/" st=200 cl=66958 - time=7.450 ms
[Tue, 19 Jan 2016 01:16:02 GMT] ip=::1 mtd=GET url=/stylesheets/bootstrap/bootstrap.min.css.map http=1.1 rfr="-" st=304 cl=- - time=3.847 ms
[Tue, 19 Jan 2016 01:16:02 GMT] ip=::1 mtd=GET url=/images/portfolio/seattle.jpg http=1.1 rfr="http://localhost:12345/" st=200 cl=814226 - time=21.132 ms
[Tue, 19 Jan 2016 01:16:02 GMT] ip=::1 mtd=GET url=/images/portfolio/bbq.jpg http=1.1 rfr="http://localhost:12345/" st=200 cl=397433 - time=9.128 ms
[Tue, 19 Jan 2016 01:16:02 GMT] ip=::1 mtd=GET url=/images/portfolio/florida_keys.jpg http=1.1 rfr="http://localhost:12345/" st=200 cl=419006 - time=5.711 ms
[Tue, 19 Jan 2016 01:16:02 GMT] ip=::1 mtd=GET url=/images/portfolio/sf.jpg http=1.1 rfr="http://localhost:12345/" st=200 cl=1121808 - time=28.945 ms
[Tue, 19 Jan 2016 01:16:02 GMT] ip=::1 mtd=GET url=/fonts/opensans-regular-webfont.woff http=1.1 rfr="http://localhost:12345/stylesheets/plugins/fonts.css" st=200 cl=24736 - time=0.884 ms
[Tue, 19 Jan 2016 01:16:02 GMT] ip=::1 mtd=GET url=/images/portfolio/dc.jpg http=1.1 rfr="http://localhost:12345/" st=200 cl=98480 - time=4.269 ms
[Tue, 19 Jan 2016 01:16:02 GMT] ip=::1 mtd=GET url=/images/portfolio/disney.jpg http=1.1 rfr="http://localhost:12345/" st=200 cl=320686 - time=4.801 ms
[Tue, 19 Jan 2016 01:16:02 GMT] ip=::1 mtd=GET url=/images/portfolio/nyc.jpg http=1.1 rfr="http://localhost:12345/" st=200 cl=638176 - time=11.421 ms
[Tue, 19 Jan 2016 01:16:02 GMT] ip=::1 mtd=GET url=/fonts/lato-bol-webfont.woff http=1.1 rfr="http://localhost:12345/stylesheets/plugins/fonts.css" st=200 cl=32392 - time=0.952 ms
[Tue, 19 Jan 2016 01:16:02 GMT] ip=::1 mtd=GET url=/images/portfolio/maui.jpg http=1.1 rfr="http://localhost:12345/" st=200 cl=927165 - time=20.168 ms
[Tue, 19 Jan 2016 01:16:02 GMT] ip=::1 mtd=GET url=/images/portfolio/miami.jpg http=1.1 rfr="http://localhost:12345/" st=200 cl=1009315 - time=20.140 ms
[Tue, 19 Jan 2016 01:16:02 GMT] ip=::1 mtd=GET url=/images/portfolio/chicago.jpg http=1.1 rfr="http://localhost:12345/" st=200 cl=857198 - time=21.021 ms
[Tue, 19 Jan 2016 01:16:02 GMT] ip=::1 mtd=GET url=/fonts/lato-lig-webfont.woff http=1.1 rfr="http://localhost:12345/stylesheets/plugins/fonts.css" st=200 cl=31020 - time=0.965 ms
[Tue, 19 Jan 2016 01:16:02 GMT] ip=::1 mtd=GET url=/images/portfolio/hollywood.jpg http=1.1 rfr="http://localhost:12345/" st=200 cl=366792 - time=1.786 ms
[Tue, 19 Jan 2016 01:16:02 GMT] ip=::1 mtd=GET url=/images/portfolio/las-vegas.jpg http=1.1 rfr="http://localhost:12345/" st=200 cl=224171 - time=1.419 ms
[Tue, 19 Jan 2016 01:16:02 GMT] ip=::1 mtd=GET url=/images/portfolio/boston.jpg http=1.1 rfr="http://localhost:12345/" st=200 cl=177272 - time=0.974 ms
[Tue, 19 Jan 2016 01:16:02 GMT] ip=::1 mtd=GET url=/images/portfolio/oc.jpg http=1.1 rfr="http://localhost:12345/" st=200 cl=66958 - time=0.668 ms
[Tue, 19 Jan 2016 01:16:02 GMT] ip=::1 mtd=GET url=/images/portfolio/bbq.jpg http=1.1 rfr="http://localhost:12345/" st=200 cl=397433 - time=1.747 ms
[Tue, 19 Jan 2016 01:16:02 GMT] ip=::1 mtd=GET url=/images/portfolio/mardi.jpg http=1.1 rfr="http://localhost:12345/" st=200 cl=408831 - time=2.406 ms
[Tue, 19 Jan 2016 01:16:02 GMT] ip=::1 mtd=GET url=/images/portfolio/sandy.jpg http=1.1 rfr="http://localhost:12345/" st=200 cl=603424 - time=3.125 ms
[Tue, 19 Jan 2016 01:16:02 GMT] ip=::1 mtd=GET url=/images/generic/tick_on.png http=1.1 rfr="http://localhost:12345/stylesheets/custom/custom-main.css" st=200 cl=684 - time=2.070 ms
[Tue, 19 Jan 2016 01:16:02 GMT] ip=::1 mtd=GET url=/images/portfolio/florida_keys.jpg http=1.1 rfr="http://localhost:12345/" st=200 cl=419006 - time=3.361 ms
[Tue, 19 Jan 2016 01:16:02 GMT] ip=::1 mtd=GET url=/images/portfolio/seattle.jpg http=1.1 rfr="http://localhost:12345/" st=200 cl=814226 - time=47.750 ms
[Tue, 19 Jan 2016 01:16:02 GMT] ip=::1 mtd=GET url=/images/portfolio/sf.jpg http=1.1 rfr="http://localhost:12345/" st=200 cl=1121808 - time=109.209 ms
[Tue, 19 Jan 2016 01:16:15 GMT] ip=::1 mtd=GET url=/mymongo?regionId=178318&regionidsToTlas=BWI,IAD,DCA&departDate=2016-01-15&los=6 http=1.1 rfr="http://localhost:12345/" st=200 cl=451 - time=1266.149 ms
[Tue, 19 Jan 2016 01:16:16 GMT] ip=::1 mtd=GET url=/mymongo?regionId=178248&regionidsToTlas=ORD,MDW,RFD&departDate=2016-01-15&los=6 http=1.1 rfr="http://localhost:12345/" st=200 cl=51 - time=2148.122 ms
[Tue, 19 Jan 2016 01:16:16 GMT] ip=::1 mtd=GET url=/mymongo?regionId=180073&regionidsToTlas=OGG&departDate=2016-01-15&los=6 http=1.1 rfr="http://localhost:12345/" st=200 cl=1372 - time=2304.645 ms
